[2017-12-14 17:43:07,060] INFO Verifying properties (kafka.utils.VerifiableProperties)
[2017-12-14 17:43:07,139] INFO Property auto.commit.enable is overridden to false (kafka.utils.VerifiableProperties)
[2017-12-14 17:43:07,140] INFO Property auto.offset.reset is overridden to smallest (kafka.utils.VerifiableProperties)
[2017-12-14 17:43:07,140] WARN Property enable.kafka.consumer.debug is not valid (kafka.utils.VerifiableProperties)
[2017-12-14 17:43:07,141] WARN Property fetch.thread.number is not valid (kafka.utils.VerifiableProperties)
[2017-12-14 17:43:07,141] INFO Property group.id is overridden to test-140 (kafka.utils.VerifiableProperties)
[2017-12-14 17:43:07,142] WARN Property max.poll.records is not valid (kafka.utils.VerifiableProperties)
[2017-12-14 17:43:07,142] INFO Property refresh.leader.backoff.ms is overridden to 200 (kafka.utils.VerifiableProperties)
[2017-12-14 17:43:07,142] WARN Property service.receive.topic.name is not valid (kafka.utils.VerifiableProperties)
[2017-12-14 17:43:07,143] INFO Property socket.receive.buffer.bytes is overridden to 1048576 (kafka.utils.VerifiableProperties)
[2017-12-14 17:43:07,143] INFO Property zookeeper.connect is overridden to 192.168.62.200:2181,192.168.62.201:2181,192.168.62.202:2181 (kafka.utils.VerifiableProperties)
[2017-12-14 17:43:07,872] INFO [test-140_bigdata0304-PC-1513244587870-6fa2e351], Connecting to zookeeper instance at 192.168.62.200:2181,192.168.62.201:2181,192.168.62.202:2181 (kafka.consumer.ZookeeperConsumerConnector)
[2017-12-14 17:43:07,908] INFO Starting ZkClient event thread. (org.I0Itec.zkclient.ZkEventThread)
[2017-12-14 17:43:07,910] INFO Client environment:zookeeper.version=3.4.6-1569965, built on 02/20/2014 09:09 GMT (org.apache.zookeeper.ZooKeeper)
[2017-12-14 17:43:07,910] INFO Client environment:host.name=bigdata0304-PC (org.apache.zookeeper.ZooKeeper)
[2017-12-14 17:43:07,910] INFO Client environment:java.version=1.7.0_67 (org.apache.zookeeper.ZooKeeper)
[2017-12-14 17:43:07,910] INFO Client environment:java.vendor=Oracle Corporation (org.apache.zookeeper.ZooKeeper)
[2017-12-14 17:43:07,910] INFO Client environment:java.home=D:\JDK7\jdk1.7.0_67\jre (org.apache.zookeeper.ZooKeeper)
[2017-12-14 17:43:07,910] INFO Client environment:java.class.path=C:\Users\bigdata0304\AppData\Local\JetBrains\Toolbox\apps\IDEA-U\ch-0\173.3727.127\lib\idea_rt.jar;C:\Users\bigdata0304\AppData\Local\JetBrains\Toolbox\apps\IDEA-U\ch-0\173.3727.127\plugins\junit\lib\junit-rt.jar;C:\Users\bigdata0304\AppData\Local\JetBrains\Toolbox\apps\IDEA-U\ch-0\173.3727.127\plugins\junit\lib\junit5-rt.jar;D:\JDK7\jdk1.7.0_67\jre\lib\charsets.jar;D:\JDK7\jdk1.7.0_67\jre\lib\deploy.jar;D:\JDK7\jdk1.7.0_67\jre\lib\ext\access-bridge-64.jar;D:\JDK7\jdk1.7.0_67\jre\lib\ext\dnsns.jar;D:\JDK7\jdk1.7.0_67\jre\lib\ext\jaccess.jar;D:\JDK7\jdk1.7.0_67\jre\lib\ext\localedata.jar;D:\JDK7\jdk1.7.0_67\jre\lib\ext\sunec.jar;D:\JDK7\jdk1.7.0_67\jre\lib\ext\sunjce_provider.jar;D:\JDK7\jdk1.7.0_67\jre\lib\ext\sunmscapi.jar;D:\JDK7\jdk1.7.0_67\jre\lib\ext\zipfs.jar;D:\JDK7\jdk1.7.0_67\jre\lib\javaws.jar;D:\JDK7\jdk1.7.0_67\jre\lib\jce.jar;D:\JDK7\jdk1.7.0_67\jre\lib\jfr.jar;D:\JDK7\jdk1.7.0_67\jre\lib\jfxrt.jar;D:\JDK7\jdk1.7.0_67\jre\lib\jsse.jar;D:\JDK7\jdk1.7.0_67\jre\lib\management-agent.jar;D:\JDK7\jdk1.7.0_67\jre\lib\plugin.jar;D:\JDK7\jdk1.7.0_67\jre\lib\resources.jar;D:\JDK7\jdk1.7.0_67\jre\lib\rt.jar;E:\code\kafka-0.8\target\test-classes;E:\code\kafka-0.8\target\classes;C:\Users\bigdata0304\.m2\repository\junit\junit\4.12\junit-4.12.jar;C:\Users\bigdata0304\.m2\repository\org\hamcrest\hamcrest-core\1.3\hamcrest-core-1.3.jar;C:\Users\bigdata0304\.m2\repository\org\apache\kafka\kafka-clients\0.8.2.1\kafka-clients-0.8.2.1.jar;C:\Users\bigdata0304\.m2\repository\org\slf4j\slf4j-api\1.7.6\slf4j-api-1.7.6.jar;C:\Users\bigdata0304\.m2\repository\net\jpountz\lz4\lz4\1.2.0\lz4-1.2.0.jar;C:\Users\bigdata0304\.m2\repository\org\xerial\snappy\snappy-java\1.1.1.6\snappy-java-1.1.1.6.jar;C:\Users\bigdata0304\.m2\repository\org\apache\kafka\kafka_2.10\0.8.2.1\kafka_2.10-0.8.2.1.jar;C:\Users\bigdata0304\.m2\repository\com\yammer\metrics\metrics-core\2.2.0\metrics-core-2.2.0.jar;C:\Users\bigdata0304\.m2\repository\org\scala-lang\scala-library\2.10.4\scala-library-2.10.4.jar;C:\Users\bigdata0304\.m2\repository\org\apache\zookeeper\zookeeper\3.4.6\zookeeper-3.4.6.jar;C:\Users\bigdata0304\.m2\repository\org\slf4j\slf4j-log4j12\1.6.1\slf4j-log4j12-1.6.1.jar;C:\Users\bigdata0304\.m2\repository\jline\jline\0.9.94\jline-0.9.94.jar;C:\Users\bigdata0304\.m2\repository\io\netty\netty\3.7.0.Final\netty-3.7.0.Final.jar;C:\Users\bigdata0304\.m2\repository\net\sf\jopt-simple\jopt-simple\3.2\jopt-simple-3.2.jar;C:\Users\bigdata0304\.m2\repository\com\101tec\zkclient\0.3\zkclient-0.3.jar;C:\Users\bigdata0304\.m2\repository\log4j\log4j\1.2.17\log4j-1.2.17.jar;C:\Users\bigdata0304\AppData\Local\JetBrains\Toolbox\apps\IDEA-U\ch-0\173.3727.127\lib\idea_rt.jar (org.apache.zookeeper.ZooKeeper)
[2017-12-14 17:43:07,911] INFO Client environment:java.library.path=D:\JDK7\jdk1.7.0_67\bin;C:\Windows\Sun\Java\bin;C:\Windows\system32;C:\Windows;C:\ProgramData\Oracle\Java\javapath;D:\hadoop\bin;C:\Python27\;C:\Python27\Scripts;C:\Windows\system32;C:\Windows;C:\Windows\System32\Wbem;C:\Windows\System32\WindowsPowerShell\v1.0\;C:\Program Files (x86)\ATI Technologies\ATI.ACE\Core-Static;C:\Program Files\TortoiseSVN\bin;C:\Program Files\VisualSVN Server\bin;D:\MATLAB\R2012b\runtime\win64;D:\MATLAB\R2012b\bin;C:\Program Files\Microsoft SQL Server\110\Tools\Binn\;C:\Program Files (x86)\Microsoft SQL Server\100\Tools\Binn\;C:\Program Files\Microsoft SQL Server\100\Tools\Binn\;C:\Program Files\Microsoft SQL Server\100\DTS\Binn\;C:\Program Files\Microsoft\Web Platform Installer\;C:\Program Files (x86)\Microsoft ASP.NET\ASP.NET Web Pages\v1.0\;C:\Program Files (x86)\Windows Kits\8.0\Windows Performance Toolkit\;C:\Python27;C:\Python27\scripts;C:\Program Files (x86)\GnuWin32\bin;D:\JDK8\jdk1.8.0_121\bin;D:\JDK8\jdk1.8.0_121\jre\bin;D:\thrift\;D:\maven\bin;D:\scala210\bin;D:\scala\bin;C:\Program Files\Git\cmd;C:\Program Files\Git\mingw64\bin;C:\Program Files\Git\usr\bin;D:\tomcat\bin;D:\scala210\bin;D:\nodejs\;C:\Program Files (x86)\Pandoc\;C:\Users\bigdata0304\AppData\Local\atom\;C:\Python27;C:\Program Files (x86)\Microsoft VS Code\bin;d:\maven\bin;C:\Users\bigdata0304\AppData\Roaming\npm;C:\Users\bigdata0304\AppData\Local\GitHubDesktop\bin;. (org.apache.zookeeper.ZooKeeper)
[2017-12-14 17:43:07,914] INFO Client environment:java.io.tmpdir=C:\Users\BIGDAT~1\AppData\Local\Temp\ (org.apache.zookeeper.ZooKeeper)
[2017-12-14 17:43:07,914] INFO Client environment:java.compiler=<NA> (org.apache.zookeeper.ZooKeeper)
[2017-12-14 17:43:07,914] INFO Client environment:os.name=Windows 7 (org.apache.zookeeper.ZooKeeper)
[2017-12-14 17:43:07,914] INFO Client environment:os.arch=amd64 (org.apache.zookeeper.ZooKeeper)
[2017-12-14 17:43:07,914] INFO Client environment:os.version=6.1 (org.apache.zookeeper.ZooKeeper)
[2017-12-14 17:43:07,914] INFO Client environment:user.name=bigdata0304 (org.apache.zookeeper.ZooKeeper)
[2017-12-14 17:43:07,914] INFO Client environment:user.home=C:\Users\bigdata0304 (org.apache.zookeeper.ZooKeeper)
[2017-12-14 17:43:07,914] INFO Client environment:user.dir=E:\code\kafka-0.8 (org.apache.zookeeper.ZooKeeper)
[2017-12-14 17:43:07,916] INFO Initiating client connection, connectString=192.168.62.200:2181,192.168.62.201:2181,192.168.62.202:2181 sessionTimeout=6000 watcher=org.I0Itec.zkclient.ZkClient@30ab0028 (org.apache.zookeeper.ZooKeeper)
[2017-12-14 17:43:07,953] INFO Opening socket connection to server 192.168.62.201/192.168.62.201:2181. Will not attempt to authenticate using SASL (unknown error) (org.apache.zookeeper.ClientCnxn)
[2017-12-14 17:43:07,956] INFO Socket connection established to 192.168.62.201/192.168.62.201:2181, initiating session (org.apache.zookeeper.ClientCnxn)
[2017-12-14 17:43:07,968] INFO Session establishment complete on server 192.168.62.201/192.168.62.201:2181, sessionid = 0x26034d745eb0013, negotiated timeout = 6000 (org.apache.zookeeper.ClientCnxn)
[2017-12-14 17:43:07,973] INFO zookeeper state changed (SyncConnected) (org.I0Itec.zkclient.ZkClient)
[2017-12-14 17:43:08,051] INFO [test-140_bigdata0304-PC-1513244587870-6fa2e351], begin registering consumer test-140_bigdata0304-PC-1513244587870-6fa2e351 in ZK (kafka.consumer.ZookeeperConsumerConnector)
[2017-12-14 17:43:08,104] INFO [test-140_bigdata0304-PC-1513244587870-6fa2e351], end registering consumer test-140_bigdata0304-PC-1513244587870-6fa2e351 in ZK (kafka.consumer.ZookeeperConsumerConnector)
[2017-12-14 17:43:08,147] INFO [test-140_bigdata0304-PC-1513244587870-6fa2e351], starting watcher executor thread for consumer test-140_bigdata0304-PC-1513244587870-6fa2e351 (kafka.consumer.ZookeeperConsumerConnector)
[2017-12-14 17:43:08,194] INFO [test-140_bigdata0304-PC-1513244587870-6fa2e351], begin rebalancing consumer test-140_bigdata0304-PC-1513244587870-6fa2e351 try #0 (kafka.consumer.ZookeeperConsumerConnector)
[2017-12-14 17:43:09,037] INFO [ConsumerFetcherManager-1513244587980] Stopping leader finder thread (kafka.consumer.ConsumerFetcherManager)
[2017-12-14 17:43:09,037] INFO [ConsumerFetcherManager-1513244587980] Stopping all fetchers (kafka.consumer.ConsumerFetcherManager)
[2017-12-14 17:43:09,038] INFO [ConsumerFetcherManager-1513244587980] All connections stopped (kafka.consumer.ConsumerFetcherManager)
[2017-12-14 17:43:09,039] INFO [test-140_bigdata0304-PC-1513244587870-6fa2e351], Cleared all relevant queues for this fetcher (kafka.consumer.ZookeeperConsumerConnector)
[2017-12-14 17:43:09,049] INFO [test-140_bigdata0304-PC-1513244587870-6fa2e351], Cleared the data chunks in all the consumer message iterators (kafka.consumer.ZookeeperConsumerConnector)
[2017-12-14 17:43:09,050] INFO [test-140_bigdata0304-PC-1513244587870-6fa2e351], Committing all offsets after clearing the fetcher queues (kafka.consumer.ZookeeperConsumerConnector)
[2017-12-14 17:43:09,051] INFO [test-140_bigdata0304-PC-1513244587870-6fa2e351], Releasing partition ownership (kafka.consumer.ZookeeperConsumerConnector)
[2017-12-14 17:43:09,251] INFO Consumer test-140_bigdata0304-PC-1513244587870-6fa2e351 rebalancing the following partitions: ArrayBuffer(0, 1, 2, 3, 4, 5, 6, 7, 8, 9, 10, 11, 12, 13, 14, 15, 16, 17, 18, 19) for topic kafka_1000W_8 with consumers: List(test-140_bigdata0304-PC-1513244587870-6fa2e351-0, test-140_bigdata0304-PC-1513244587870-6fa2e351-1, test-140_bigdata0304-PC-1513244587870-6fa2e351-2, test-140_bigdata0304-PC-1513244587870-6fa2e351-3, test-140_bigdata0304-PC-1513244587870-6fa2e351-4, test-140_bigdata0304-PC-1513244587870-6fa2e351-5, test-140_bigdata0304-PC-1513244587870-6fa2e351-6, test-140_bigdata0304-PC-1513244587870-6fa2e351-7) (kafka.consumer.RangeAssignor)
[2017-12-14 17:43:09,254] INFO test-140_bigdata0304-PC-1513244587870-6fa2e351-2 attempting to claim partition 6 (kafka.consumer.RangeAssignor)
[2017-12-14 17:43:09,256] INFO test-140_bigdata0304-PC-1513244587870-6fa2e351-2 attempting to claim partition 7 (kafka.consumer.RangeAssignor)
[2017-12-14 17:43:09,256] INFO test-140_bigdata0304-PC-1513244587870-6fa2e351-2 attempting to claim partition 8 (kafka.consumer.RangeAssignor)
[2017-12-14 17:43:09,256] INFO test-140_bigdata0304-PC-1513244587870-6fa2e351-0 attempting to claim partition 0 (kafka.consumer.RangeAssignor)
[2017-12-14 17:43:09,257] INFO test-140_bigdata0304-PC-1513244587870-6fa2e351-0 attempting to claim partition 1 (kafka.consumer.RangeAssignor)
[2017-12-14 17:43:09,257] INFO test-140_bigdata0304-PC-1513244587870-6fa2e351-0 attempting to claim partition 2 (kafka.consumer.RangeAssignor)
[2017-12-14 17:43:09,257] INFO test-140_bigdata0304-PC-1513244587870-6fa2e351-4 attempting to claim partition 12 (kafka.consumer.RangeAssignor)
[2017-12-14 17:43:09,257] INFO test-140_bigdata0304-PC-1513244587870-6fa2e351-4 attempting to claim partition 13 (kafka.consumer.RangeAssignor)
[2017-12-14 17:43:09,257] INFO test-140_bigdata0304-PC-1513244587870-6fa2e351-3 attempting to claim partition 9 (kafka.consumer.RangeAssignor)
[2017-12-14 17:43:09,257] INFO test-140_bigdata0304-PC-1513244587870-6fa2e351-3 attempting to claim partition 10 (kafka.consumer.RangeAssignor)
[2017-12-14 17:43:09,257] INFO test-140_bigdata0304-PC-1513244587870-6fa2e351-3 attempting to claim partition 11 (kafka.consumer.RangeAssignor)
[2017-12-14 17:43:09,258] INFO test-140_bigdata0304-PC-1513244587870-6fa2e351-6 attempting to claim partition 16 (kafka.consumer.RangeAssignor)
[2017-12-14 17:43:09,259] INFO test-140_bigdata0304-PC-1513244587870-6fa2e351-6 attempting to claim partition 17 (kafka.consumer.RangeAssignor)
[2017-12-14 17:43:09,259] INFO test-140_bigdata0304-PC-1513244587870-6fa2e351-7 attempting to claim partition 18 (kafka.consumer.RangeAssignor)
[2017-12-14 17:43:09,259] INFO test-140_bigdata0304-PC-1513244587870-6fa2e351-7 attempting to claim partition 19 (kafka.consumer.RangeAssignor)
[2017-12-14 17:43:09,259] INFO test-140_bigdata0304-PC-1513244587870-6fa2e351-1 attempting to claim partition 3 (kafka.consumer.RangeAssignor)
[2017-12-14 17:43:09,259] INFO test-140_bigdata0304-PC-1513244587870-6fa2e351-1 attempting to claim partition 4 (kafka.consumer.RangeAssignor)
[2017-12-14 17:43:09,259] INFO test-140_bigdata0304-PC-1513244587870-6fa2e351-1 attempting to claim partition 5 (kafka.consumer.RangeAssignor)
[2017-12-14 17:43:09,260] INFO test-140_bigdata0304-PC-1513244587870-6fa2e351-5 attempting to claim partition 14 (kafka.consumer.RangeAssignor)
[2017-12-14 17:43:09,260] INFO test-140_bigdata0304-PC-1513244587870-6fa2e351-5 attempting to claim partition 15 (kafka.consumer.RangeAssignor)
[2017-12-14 17:43:09,318] INFO [test-140_bigdata0304-PC-1513244587870-6fa2e351], test-140_bigdata0304-PC-1513244587870-6fa2e351-4 successfully owned partition 13 for topic kafka_1000W_8 (kafka.consumer.ZookeeperConsumerConnector)
[2017-12-14 17:43:09,321] INFO [test-140_bigdata0304-PC-1513244587870-6fa2e351], test-140_bigdata0304-PC-1513244587870-6fa2e351-3 successfully owned partition 10 for topic kafka_1000W_8 (kafka.consumer.ZookeeperConsumerConnector)
[2017-12-14 17:43:09,323] INFO [test-140_bigdata0304-PC-1513244587870-6fa2e351], test-140_bigdata0304-PC-1513244587870-6fa2e351-7 successfully owned partition 19 for topic kafka_1000W_8 (kafka.consumer.ZookeeperConsumerConnector)
[2017-12-14 17:43:09,325] INFO [test-140_bigdata0304-PC-1513244587870-6fa2e351], test-140_bigdata0304-PC-1513244587870-6fa2e351-2 successfully owned partition 7 for topic kafka_1000W_8 (kafka.consumer.ZookeeperConsumerConnector)
[2017-12-14 17:43:09,327] INFO [test-140_bigdata0304-PC-1513244587870-6fa2e351], test-140_bigdata0304-PC-1513244587870-6fa2e351-6 successfully owned partition 16 for topic kafka_1000W_8 (kafka.consumer.ZookeeperConsumerConnector)
[2017-12-14 17:43:09,330] INFO [test-140_bigdata0304-PC-1513244587870-6fa2e351], test-140_bigdata0304-PC-1513244587870-6fa2e351-0 successfully owned partition 0 for topic kafka_1000W_8 (kafka.consumer.ZookeeperConsumerConnector)
[2017-12-14 17:43:09,333] INFO [test-140_bigdata0304-PC-1513244587870-6fa2e351], test-140_bigdata0304-PC-1513244587870-6fa2e351-2 successfully owned partition 6 for topic kafka_1000W_8 (kafka.consumer.ZookeeperConsumerConnector)
[2017-12-14 17:43:09,335] INFO [test-140_bigdata0304-PC-1513244587870-6fa2e351], test-140_bigdata0304-PC-1513244587870-6fa2e351-4 successfully owned partition 12 for topic kafka_1000W_8 (kafka.consumer.ZookeeperConsumerConnector)
[2017-12-14 17:43:09,337] INFO [test-140_bigdata0304-PC-1513244587870-6fa2e351], test-140_bigdata0304-PC-1513244587870-6fa2e351-3 successfully owned partition 9 for topic kafka_1000W_8 (kafka.consumer.ZookeeperConsumerConnector)
[2017-12-14 17:43:09,340] INFO [test-140_bigdata0304-PC-1513244587870-6fa2e351], test-140_bigdata0304-PC-1513244587870-6fa2e351-0 successfully owned partition 1 for topic kafka_1000W_8 (kafka.consumer.ZookeeperConsumerConnector)
[2017-12-14 17:43:09,342] INFO [test-140_bigdata0304-PC-1513244587870-6fa2e351], test-140_bigdata0304-PC-1513244587870-6fa2e351-7 successfully owned partition 18 for topic kafka_1000W_8 (kafka.consumer.ZookeeperConsumerConnector)
[2017-12-14 17:43:09,345] INFO [test-140_bigdata0304-PC-1513244587870-6fa2e351], test-140_bigdata0304-PC-1513244587870-6fa2e351-5 successfully owned partition 15 for topic kafka_1000W_8 (kafka.consumer.ZookeeperConsumerConnector)
[2017-12-14 17:43:09,349] INFO [test-140_bigdata0304-PC-1513244587870-6fa2e351], test-140_bigdata0304-PC-1513244587870-6fa2e351-3 successfully owned partition 11 for topic kafka_1000W_8 (kafka.consumer.ZookeeperConsumerConnector)
[2017-12-14 17:43:09,389] INFO [test-140_bigdata0304-PC-1513244587870-6fa2e351], test-140_bigdata0304-PC-1513244587870-6fa2e351-1 successfully owned partition 4 for topic kafka_1000W_8 (kafka.consumer.ZookeeperConsumerConnector)
[2017-12-14 17:43:09,452] INFO [test-140_bigdata0304-PC-1513244587870-6fa2e351], test-140_bigdata0304-PC-1513244587870-6fa2e351-1 successfully owned partition 3 for topic kafka_1000W_8 (kafka.consumer.ZookeeperConsumerConnector)
[2017-12-14 17:43:09,455] INFO [test-140_bigdata0304-PC-1513244587870-6fa2e351], test-140_bigdata0304-PC-1513244587870-6fa2e351-2 successfully owned partition 8 for topic kafka_1000W_8 (kafka.consumer.ZookeeperConsumerConnector)
[2017-12-14 17:43:09,458] INFO [test-140_bigdata0304-PC-1513244587870-6fa2e351], test-140_bigdata0304-PC-1513244587870-6fa2e351-0 successfully owned partition 2 for topic kafka_1000W_8 (kafka.consumer.ZookeeperConsumerConnector)
[2017-12-14 17:43:09,461] INFO [test-140_bigdata0304-PC-1513244587870-6fa2e351], test-140_bigdata0304-PC-1513244587870-6fa2e351-5 successfully owned partition 14 for topic kafka_1000W_8 (kafka.consumer.ZookeeperConsumerConnector)
[2017-12-14 17:43:09,464] INFO [test-140_bigdata0304-PC-1513244587870-6fa2e351], test-140_bigdata0304-PC-1513244587870-6fa2e351-1 successfully owned partition 5 for topic kafka_1000W_8 (kafka.consumer.ZookeeperConsumerConnector)
[2017-12-14 17:43:09,472] INFO [test-140_bigdata0304-PC-1513244587870-6fa2e351], test-140_bigdata0304-PC-1513244587870-6fa2e351-6 successfully owned partition 17 for topic kafka_1000W_8 (kafka.consumer.ZookeeperConsumerConnector)
[2017-12-14 17:43:09,509] INFO [test-140_bigdata0304-PC-1513244587870-6fa2e351], Consumer test-140_bigdata0304-PC-1513244587870-6fa2e351 selected partitions : kafka_1000W_8:0: fetched offset = 500641: consumed offset = 500641,kafka_1000W_8:1: fetched offset = 500523: consumed offset = 500523,kafka_1000W_8:2: fetched offset = 499899: consumed offset = 499899,kafka_1000W_8:3: fetched offset = 500553: consumed offset = 500553,kafka_1000W_8:4: fetched offset = 499170: consumed offset = 499170,kafka_1000W_8:5: fetched offset = 499940: consumed offset = 499940,kafka_1000W_8:6: fetched offset = 499779: consumed offset = 499779,kafka_1000W_8:7: fetched offset = 499671: consumed offset = 499671,kafka_1000W_8:8: fetched offset = 500033: consumed offset = 500033,kafka_1000W_8:9: fetched offset = 499710: consumed offset = 499710,kafka_1000W_8:10: fetched offset = 499661: consumed offset = 499661,kafka_1000W_8:11: fetched offset = 500459: consumed offset = 500459,kafka_1000W_8:12: fetched offset = 500786: consumed offset = 500786,kafka_1000W_8:13: fetched offset = 500003: consumed offset = 500003,kafka_1000W_8:14: fetched offset = 500941: consumed offset = 500941,kafka_1000W_8:15: fetched offset = 499002: consumed offset = 499002,kafka_1000W_8:16: fetched offset = 499259: consumed offset = 499259,kafka_1000W_8:17: fetched offset = 499264: consumed offset = 499264,kafka_1000W_8:18: fetched offset = 500066: consumed offset = 500066,kafka_1000W_8:19: fetched offset = 500640: consumed offset = 500640 (kafka.consumer.ZookeeperConsumerConnector)
[2017-12-14 17:43:09,515] INFO [test-140_bigdata0304-PC-1513244587870-6fa2e351], end rebalancing consumer test-140_bigdata0304-PC-1513244587870-6fa2e351 try #0 (kafka.consumer.ZookeeperConsumerConnector)
[2017-12-14 17:43:09,559] INFO [test-140_bigdata0304-PC-1513244587870-6fa2e351-leader-finder-thread], Starting  (kafka.consumer.ConsumerFetcherManager$LeaderFinderThread)
[2017-12-14 17:43:09,606] INFO Verifying properties (kafka.utils.VerifiableProperties)
[2017-12-14 17:43:09,606] INFO Property client.id is overridden to test-140 (kafka.utils.VerifiableProperties)
[2017-12-14 17:43:09,607] INFO Property metadata.broker.list is overridden to poseidonM1:9092,poseidonM2:9092,poseidonM3:9092 (kafka.utils.VerifiableProperties)
[2017-12-14 17:43:09,607] INFO Property request.timeout.ms is overridden to 30000 (kafka.utils.VerifiableProperties)
[2017-12-14 17:43:09,638] INFO Fetching metadata from broker id:1,host:poseidonM1,port:9092 with correlation id 0 for 1 topic(s) Set(kafka_1000W_8) (kafka.client.ClientUtils$)
[2017-12-14 17:43:09,643] INFO Connected to poseidonM1:9092 for producing (kafka.producer.SyncProducer)
[2017-12-14 17:43:09,668] INFO Disconnecting from poseidonM1:9092 (kafka.producer.SyncProducer)
[2017-12-14 17:43:09,697] INFO [ConsumerFetcherThread-test-140_bigdata0304-PC-1513244587870-6fa2e351-0-2], Starting  (kafka.consumer.ConsumerFetcherThread)
[2017-12-14 17:43:09,705] INFO [ConsumerFetcherManager-1513244587980] Added fetcher for partitions ArrayBuffer([[kafka_1000W_8,13], initOffset 500003 to broker id:1,host:poseidonM1,port:9092] , [[kafka_1000W_8,10], initOffset 499661 to broker id:1,host:poseidonM1,port:9092] , [[kafka_1000W_8,19], initOffset 500640 to broker id:1,host:poseidonM1,port:9092] , [[kafka_1000W_8,7], initOffset 499671 to broker id:1,host:poseidonM1,port:9092] , [[kafka_1000W_8,16], initOffset 499259 to broker id:1,host:poseidonM1,port:9092] , [[kafka_1000W_8,0], initOffset 500641 to broker id:3,host:poseidonM3,port:9092] , [[kafka_1000W_8,6], initOffset 499779 to broker id:3,host:poseidonM3,port:9092] , [[kafka_1000W_8,12], initOffset 500786 to broker id:3,host:poseidonM3,port:9092] , [[kafka_1000W_8,9], initOffset 499710 to broker id:3,host:poseidonM3,port:9092] , [[kafka_1000W_8,1], initOffset 500523 to broker id:1,host:poseidonM1,port:9092] , [[kafka_1000W_8,18], initOffset 500066 to broker id:3,host:poseidonM3,port:9092] , [[kafka_1000W_8,15], initOffset 499002 to broker id:3,host:poseidonM3,port:9092] , [[kafka_1000W_8,11], initOffset 500459 to broker id:2,host:poseidonM2,port:9092] , [[kafka_1000W_8,4], initOffset 499170 to broker id:1,host:poseidonM1,port:9092] , [[kafka_1000W_8,3], initOffset 500553 to broker id:3,host:poseidonM3,port:9092] , [[kafka_1000W_8,8], initOffset 500033 to broker id:2,host:poseidonM2,port:9092] , [[kafka_1000W_8,2], initOffset 499899 to broker id:2,host:poseidonM2,port:9092] , [[kafka_1000W_8,14], initOffset 500941 to broker id:2,host:poseidonM2,port:9092] , [[kafka_1000W_8,5], initOffset 499940 to broker id:2,host:poseidonM2,port:9092] , [[kafka_1000W_8,17], initOffset 499264 to broker id:2,host:poseidonM2,port:9092] ) (kafka.consumer.ConsumerFetcherManager)
[2017-12-14 17:43:09,710] INFO [ConsumerFetcherThread-test-140_bigdata0304-PC-1513244587870-6fa2e351-0-1], Starting  (kafka.consumer.ConsumerFetcherThread)
[2017-12-14 17:43:09,710] INFO [ConsumerFetcherThread-test-140_bigdata0304-PC-1513244587870-6fa2e351-0-3], Starting  (kafka.consumer.ConsumerFetcherThread)
