[2017-12-19 14:53:32,174] INFO Loading XML bean definitions from InputStream resource [resource loaded through InputStream] (org.springframework.beans.factory.xml.XmlBeanDefinitionReader)
[2017-12-19 14:53:32,508] INFO Refreshing org.springframework.context.support.GenericApplicationContext@601fd251: startup date [Tue Dec 19 14:53:32 CST 2017]; root of context hierarchy (org.springframework.context.support.GenericApplicationContext)
[2017-12-19 15:22:22,575] INFO Loading XML bean definitions from InputStream resource [resource loaded through InputStream] (org.springframework.beans.factory.xml.XmlBeanDefinitionReader)
[2017-12-19 15:22:22,860] INFO Refreshing org.springframework.context.support.GenericApplicationContext@1cf0b007: startup date [Tue Dec 19 15:22:22 CST 2017]; root of context hierarchy (org.springframework.context.support.GenericApplicationContext)
[2017-12-19 15:27:16,917] INFO Loading XML bean definitions from InputStream resource [resource loaded through InputStream] (org.springframework.beans.factory.xml.XmlBeanDefinitionReader)
[2017-12-19 15:27:17,311] INFO Refreshing org.springframework.context.support.GenericApplicationContext@601fd251: startup date [Tue Dec 19 15:27:17 CST 2017]; root of context hierarchy (org.springframework.context.support.GenericApplicationContext)
[2017-12-19 15:30:31,022] INFO Loading XML bean definitions from InputStream resource [resource loaded through InputStream] (org.springframework.beans.factory.xml.XmlBeanDefinitionReader)
[2017-12-19 15:30:31,314] INFO Refreshing org.springframework.context.support.GenericApplicationContext@5cd07fb2: startup date [Tue Dec 19 15:30:31 CST 2017]; root of context hierarchy (org.springframework.context.support.GenericApplicationContext)
[2017-12-19 15:33:14,762] INFO Loading XML bean definitions from InputStream resource [resource loaded through InputStream] (org.springframework.beans.factory.xml.XmlBeanDefinitionReader)
[2017-12-19 15:33:15,296] INFO Refreshing org.springframework.context.support.GenericApplicationContext@226c172e: startup date [Tue Dec 19 15:33:15 CST 2017]; root of context hierarchy (org.springframework.context.support.GenericApplicationContext)
[2017-12-19 15:35:30,514] INFO Loading XML bean definitions from InputStream resource [resource loaded through InputStream] (org.springframework.beans.factory.xml.XmlBeanDefinitionReader)
[2017-12-19 15:35:30,822] INFO Refreshing org.springframework.context.support.GenericApplicationContext@1ff63402: startup date [Tue Dec 19 15:35:30 CST 2017]; root of context hierarchy (org.springframework.context.support.GenericApplicationContext)
[2017-12-19 15:36:53,682] INFO Loading XML bean definitions from InputStream resource [resource loaded through InputStream] (org.springframework.beans.factory.xml.XmlBeanDefinitionReader)
[2017-12-19 15:36:53,987] INFO Refreshing org.springframework.context.support.GenericApplicationContext@7c6faeb8: startup date [Tue Dec 19 15:36:53 CST 2017]; root of context hierarchy (org.springframework.context.support.GenericApplicationContext)
[2017-12-19 15:43:32,470] INFO Loading XML bean definitions from InputStream resource [resource loaded through InputStream] (org.springframework.beans.factory.xml.XmlBeanDefinitionReader)
[2017-12-19 15:43:32,833] INFO Refreshing org.springframework.context.support.GenericApplicationContext@4928f524: startup date [Tue Dec 19 15:43:32 CST 2017]; root of context hierarchy (org.springframework.context.support.GenericApplicationContext)
[2017-12-19 15:43:53,510] INFO Loading XML bean definitions from InputStream resource [resource loaded through InputStream] (org.springframework.beans.factory.xml.XmlBeanDefinitionReader)
[2017-12-19 15:43:53,777] INFO Refreshing org.springframework.context.support.GenericApplicationContext@7c6faeb8: startup date [Tue Dec 19 15:43:53 CST 2017]; root of context hierarchy (org.springframework.context.support.GenericApplicationContext)
[2017-12-19 15:48:41,721] INFO Loading XML bean definitions from InputStream resource [resource loaded through InputStream] (org.springframework.beans.factory.xml.XmlBeanDefinitionReader)
[2017-12-19 15:48:42,051] INFO Refreshing org.springframework.context.support.GenericApplicationContext@4928f524: startup date [Tue Dec 19 15:48:42 CST 2017]; root of context hierarchy (org.springframework.context.support.GenericApplicationContext)
[2017-12-19 15:50:49,838] INFO Loading XML bean definitions from InputStream resource [resource loaded through InputStream] (org.springframework.beans.factory.xml.XmlBeanDefinitionReader)
[2017-12-19 15:50:50,167] INFO Refreshing org.springframework.context.support.GenericApplicationContext@5cd07fb2: startup date [Tue Dec 19 15:50:50 CST 2017]; root of context hierarchy (org.springframework.context.support.GenericApplicationContext)
[2017-12-19 15:51:22,593] INFO Loading XML bean definitions from InputStream resource [resource loaded through InputStream] (org.springframework.beans.factory.xml.XmlBeanDefinitionReader)
[2017-12-19 15:51:22,917] INFO Refreshing org.springframework.context.support.GenericApplicationContext@4928f524: startup date [Tue Dec 19 15:51:22 CST 2017]; root of context hierarchy (org.springframework.context.support.GenericApplicationContext)
[2017-12-19 15:51:56,048] INFO Loading XML bean definitions from InputStream resource [resource loaded through InputStream] (org.springframework.beans.factory.xml.XmlBeanDefinitionReader)
[2017-12-19 15:51:56,353] INFO Refreshing org.springframework.context.support.GenericApplicationContext@4928f524: startup date [Tue Dec 19 15:51:56 CST 2017]; root of context hierarchy (org.springframework.context.support.GenericApplicationContext)
[2017-12-19 15:52:52,473] INFO Loading XML bean definitions from InputStream resource [resource loaded through InputStream] (org.springframework.beans.factory.xml.XmlBeanDefinitionReader)
[2017-12-19 15:52:52,784] INFO Refreshing org.springframework.context.support.GenericApplicationContext@601fd251: startup date [Tue Dec 19 15:52:52 CST 2017]; root of context hierarchy (org.springframework.context.support.GenericApplicationContext)
[2017-12-19 15:53:57,366] INFO Loading XML bean definitions from InputStream resource [resource loaded through InputStream] (org.springframework.beans.factory.xml.XmlBeanDefinitionReader)
[2017-12-19 15:53:57,698] INFO Refreshing org.springframework.context.support.GenericApplicationContext@1cf0b007: startup date [Tue Dec 19 15:53:57 CST 2017]; root of context hierarchy (org.springframework.context.support.GenericApplicationContext)
[2017-12-19 15:54:38,441] INFO Loading XML bean definitions from InputStream resource [resource loaded through InputStream] (org.springframework.beans.factory.xml.XmlBeanDefinitionReader)
[2017-12-19 15:54:38,745] INFO Refreshing org.springframework.context.support.GenericApplicationContext@4928f524: startup date [Tue Dec 19 15:54:38 CST 2017]; root of context hierarchy (org.springframework.context.support.GenericApplicationContext)
[2017-12-19 16:04:35,160] INFO Loading XML bean definitions from InputStream resource [resource loaded through InputStream] (org.springframework.beans.factory.xml.XmlBeanDefinitionReader)
[2017-12-19 16:04:35,467] INFO Refreshing org.springframework.context.support.GenericApplicationContext@1ff63402: startup date [Tue Dec 19 16:04:35 CST 2017]; root of context hierarchy (org.springframework.context.support.GenericApplicationContext)
[2017-12-19 16:06:17,641] INFO Loading XML bean definitions from InputStream resource [resource loaded through InputStream] (org.springframework.beans.factory.xml.XmlBeanDefinitionReader)
[2017-12-19 16:06:17,928] INFO Refreshing org.springframework.context.support.GenericApplicationContext@5cd07fb2: startup date [Tue Dec 19 16:06:17 CST 2017]; root of context hierarchy (org.springframework.context.support.GenericApplicationContext)
[2017-12-19 16:09:24,490] INFO Loading XML bean definitions from InputStream resource [resource loaded through InputStream] (org.springframework.beans.factory.xml.XmlBeanDefinitionReader)
[2017-12-19 16:09:24,820] INFO Refreshing org.springframework.context.support.GenericApplicationContext@1ff63402: startup date [Tue Dec 19 16:09:24 CST 2017]; root of context hierarchy (org.springframework.context.support.GenericApplicationContext)
[2017-12-19 16:10:45,938] INFO Loading XML bean definitions from InputStream resource [resource loaded through InputStream] (org.springframework.beans.factory.xml.XmlBeanDefinitionReader)
[2017-12-19 16:10:46,268] INFO Refreshing org.springframework.context.support.GenericApplicationContext@5cd07fb2: startup date [Tue Dec 19 16:10:46 CST 2017]; root of context hierarchy (org.springframework.context.support.GenericApplicationContext)
[2017-12-19 16:13:18,165] INFO Loading XML bean definitions from InputStream resource [resource loaded through InputStream] (org.springframework.beans.factory.xml.XmlBeanDefinitionReader)
[2017-12-19 16:13:18,475] INFO Refreshing org.springframework.context.support.GenericApplicationContext@4928f524: startup date [Tue Dec 19 16:13:18 CST 2017]; root of context hierarchy (org.springframework.context.support.GenericApplicationContext)
[2017-12-19 16:14:44,135] INFO Loading XML bean definitions from InputStream resource [resource loaded through InputStream] (org.springframework.beans.factory.xml.XmlBeanDefinitionReader)
[2017-12-19 16:14:44,450] INFO Refreshing org.springframework.context.support.GenericApplicationContext@4928f524: startup date [Tue Dec 19 16:14:44 CST 2017]; root of context hierarchy (org.springframework.context.support.GenericApplicationContext)
[2017-12-19 16:16:39,694] INFO Loading XML bean definitions from InputStream resource [resource loaded through InputStream] (org.springframework.beans.factory.xml.XmlBeanDefinitionReader)
[2017-12-19 16:16:40,106] INFO Refreshing org.springframework.context.support.GenericApplicationContext@4928f524: startup date [Tue Dec 19 16:16:40 CST 2017]; root of context hierarchy (org.springframework.context.support.GenericApplicationContext)
[2017-12-19 16:20:22,586] INFO Loading XML bean definitions from InputStream resource [resource loaded through InputStream] (org.springframework.beans.factory.xml.XmlBeanDefinitionReader)
[2017-12-19 16:20:22,928] INFO Refreshing org.springframework.context.support.GenericApplicationContext@5cd07fb2: startup date [Tue Dec 19 16:20:22 CST 2017]; root of context hierarchy (org.springframework.context.support.GenericApplicationContext)
[2017-12-19 16:25:30,772] INFO Loading XML bean definitions from InputStream resource [resource loaded through InputStream] (org.springframework.beans.factory.xml.XmlBeanDefinitionReader)
[2017-12-19 16:25:31,138] INFO Refreshing org.springframework.context.support.GenericApplicationContext@5cd07fb2: startup date [Tue Dec 19 16:25:31 CST 2017]; root of context hierarchy (org.springframework.context.support.GenericApplicationContext)
[2017-12-19 16:26:50,026] INFO Loading XML bean definitions from InputStream resource [resource loaded through InputStream] (org.springframework.beans.factory.xml.XmlBeanDefinitionReader)
[2017-12-19 16:26:50,630] INFO Refreshing org.springframework.context.support.GenericApplicationContext@7c6faeb8: startup date [Tue Dec 19 16:26:50 CST 2017]; root of context hierarchy (org.springframework.context.support.GenericApplicationContext)
[2017-12-19 16:29:16,385] INFO Loading XML bean definitions from InputStream resource [resource loaded through InputStream] (org.springframework.beans.factory.xml.XmlBeanDefinitionReader)
[2017-12-19 16:29:16,820] INFO Refreshing org.springframework.context.support.GenericApplicationContext@4c54b365: startup date [Tue Dec 19 16:29:16 CST 2017]; root of context hierarchy (org.springframework.context.support.GenericApplicationContext)
[2017-12-19 16:33:38,204] INFO Loading XML bean definitions from InputStream resource [resource loaded through InputStream] (org.springframework.beans.factory.xml.XmlBeanDefinitionReader)
[2017-12-19 16:33:38,448] INFO Refreshing org.springframework.context.support.GenericApplicationContext@e363593: startup date [Tue Dec 19 16:33:38 CST 2017]; root of context hierarchy (org.springframework.context.support.GenericApplicationContext)
[2017-12-19 16:48:21,537] INFO Loading XML bean definitions from InputStream resource [resource loaded through InputStream] (org.springframework.beans.factory.xml.XmlBeanDefinitionReader)
[2017-12-19 16:48:21,873] INFO Refreshing org.springframework.context.support.GenericApplicationContext@e363593: startup date [Tue Dec 19 16:48:21 CST 2017]; root of context hierarchy (org.springframework.context.support.GenericApplicationContext)
[2017-12-19 16:49:00,065] INFO Loading XML bean definitions from InputStream resource [resource loaded through InputStream] (org.springframework.beans.factory.xml.XmlBeanDefinitionReader)
[2017-12-19 16:49:00,344] INFO Refreshing org.springframework.context.support.GenericApplicationContext@e363593: startup date [Tue Dec 19 16:49:00 CST 2017]; root of context hierarchy (org.springframework.context.support.GenericApplicationContext)
[2017-12-19 16:49:47,794] INFO Loading XML bean definitions from InputStream resource [resource loaded through InputStream] (org.springframework.beans.factory.xml.XmlBeanDefinitionReader)
[2017-12-19 16:49:48,222] INFO Refreshing org.springframework.context.support.GenericApplicationContext@2d10609a: startup date [Tue Dec 19 16:49:48 CST 2017]; root of context hierarchy (org.springframework.context.support.GenericApplicationContext)
[2017-12-19 16:50:39,502] INFO Loading XML bean definitions from InputStream resource [resource loaded through InputStream] (org.springframework.beans.factory.xml.XmlBeanDefinitionReader)
[2017-12-19 16:50:40,020] INFO Refreshing org.springframework.context.support.GenericApplicationContext@c4d28c9: startup date [Tue Dec 19 16:50:40 CST 2017]; root of context hierarchy (org.springframework.context.support.GenericApplicationContext)
[2017-12-19 16:53:08,950] INFO Loading XML bean definitions from InputStream resource [resource loaded through InputStream] (org.springframework.beans.factory.xml.XmlBeanDefinitionReader)
[2017-12-19 16:53:09,340] INFO Refreshing org.springframework.context.support.GenericApplicationContext@5cd07fb2: startup date [Tue Dec 19 16:53:09 CST 2017]; root of context hierarchy (org.springframework.context.support.GenericApplicationContext)
[2017-12-20 13:54:13,514] INFO Loading XML bean definitions from InputStream resource [resource loaded through InputStream] (org.springframework.beans.factory.xml.XmlBeanDefinitionReader)
[2017-12-20 13:54:15,396] INFO Refreshing org.springframework.context.support.GenericApplicationContext@5cd07fb2: startup date [Wed Dec 20 13:54:15 CST 2017]; root of context hierarchy (org.springframework.context.support.GenericApplicationContext)
[2017-12-20 15:27:06,049] INFO Loading XML bean definitions from InputStream resource [resource loaded through InputStream] (org.springframework.beans.factory.xml.XmlBeanDefinitionReader)
[2017-12-20 15:27:06,448] INFO Refreshing org.springframework.context.support.GenericApplicationContext@5cd07fb2: startup date [Wed Dec 20 15:27:06 CST 2017]; root of context hierarchy (org.springframework.context.support.GenericApplicationContext)
[2017-12-20 15:30:28,186] INFO Loading XML bean definitions from InputStream resource [resource loaded through InputStream] (org.springframework.beans.factory.xml.XmlBeanDefinitionReader)
[2017-12-20 15:30:28,521] INFO Refreshing org.springframework.context.support.GenericApplicationContext@5cd07fb2: startup date [Wed Dec 20 15:30:28 CST 2017]; root of context hierarchy (org.springframework.context.support.GenericApplicationContext)
[2017-12-20 18:07:02,218] INFO Loading XML bean definitions from InputStream resource [resource loaded through InputStream] (org.springframework.beans.factory.xml.XmlBeanDefinitionReader)
[2017-12-20 18:07:02,606] INFO Refreshing org.springframework.context.support.GenericApplicationContext@4928f524: startup date [Wed Dec 20 18:07:02 CST 2017]; root of context hierarchy (org.springframework.context.support.GenericApplicationContext)
[2017-12-20 18:49:01,717] INFO Loading XML bean definitions from InputStream resource [resource loaded through InputStream] (org.springframework.beans.factory.xml.XmlBeanDefinitionReader)
[2017-12-20 18:49:02,003] INFO Refreshing org.springframework.context.support.GenericApplicationContext@85379bc: startup date [Wed Dec 20 18:49:01 CST 2017]; root of context hierarchy (org.springframework.context.support.GenericApplicationContext)
[2017-12-20 19:07:47,630] INFO Loading XML bean definitions from InputStream resource [resource loaded through InputStream] (org.springframework.beans.factory.xml.XmlBeanDefinitionReader)
[2017-12-20 19:07:47,980] INFO Refreshing org.springframework.context.support.GenericApplicationContext@10e76514: startup date [Wed Dec 20 19:07:47 CST 2017]; root of context hierarchy (org.springframework.context.support.GenericApplicationContext)
[2017-12-21 11:06:13,007] INFO Loading XML bean definitions from InputStream resource [resource loaded through InputStream] (org.springframework.beans.factory.xml.XmlBeanDefinitionReader)
[2017-12-21 11:06:13,304] INFO Refreshing org.springframework.context.support.GenericApplicationContext@23ec4d42: startup date [Thu Dec 21 11:06:13 CST 2017]; root of context hierarchy (org.springframework.context.support.GenericApplicationContext)
[2017-12-21 11:06:26,597] INFO Loading XML bean definitions from InputStream resource [resource loaded through InputStream] (org.springframework.beans.factory.xml.XmlBeanDefinitionReader)
[2017-12-21 11:06:26,837] INFO Refreshing org.springframework.context.support.GenericApplicationContext@14db5866: startup date [Thu Dec 21 11:06:26 CST 2017]; root of context hierarchy (org.springframework.context.support.GenericApplicationContext)
[2017-12-21 11:08:47,285] INFO Loading XML bean definitions from InputStream resource [resource loaded through InputStream] (org.springframework.beans.factory.xml.XmlBeanDefinitionReader)
[2017-12-21 11:08:47,593] INFO Refreshing org.springframework.context.support.GenericApplicationContext@14db5866: startup date [Thu Dec 21 11:08:47 CST 2017]; root of context hierarchy (org.springframework.context.support.GenericApplicationContext)
[2017-12-21 11:12:25,965] INFO Loading XML bean definitions from InputStream resource [resource loaded through InputStream] (org.springframework.beans.factory.xml.XmlBeanDefinitionReader)
[2017-12-21 11:12:26,332] INFO Refreshing org.springframework.context.support.GenericApplicationContext@23ec4d42: startup date [Thu Dec 21 11:12:26 CST 2017]; root of context hierarchy (org.springframework.context.support.GenericApplicationContext)
[2017-12-21 11:13:49,337] INFO Loading XML bean definitions from InputStream resource [resource loaded through InputStream] (org.springframework.beans.factory.xml.XmlBeanDefinitionReader)
[2017-12-21 11:13:49,633] INFO Refreshing org.springframework.context.support.GenericApplicationContext@14db5866: startup date [Thu Dec 21 11:13:49 CST 2017]; root of context hierarchy (org.springframework.context.support.GenericApplicationContext)
[2017-12-21 11:19:14,933] INFO Loading XML bean definitions from InputStream resource [resource loaded through InputStream] (org.springframework.beans.factory.xml.XmlBeanDefinitionReader)
[2017-12-21 11:19:15,324] INFO Refreshing org.springframework.context.support.GenericApplicationContext@6ec43a7a: startup date [Thu Dec 21 11:19:15 CST 2017]; root of context hierarchy (org.springframework.context.support.GenericApplicationContext)
[2017-12-21 11:23:47,456] INFO Loading XML bean definitions from InputStream resource [resource loaded through InputStream] (org.springframework.beans.factory.xml.XmlBeanDefinitionReader)
[2017-12-21 11:23:47,802] INFO Refreshing org.springframework.context.support.GenericApplicationContext@dfee685: startup date [Thu Dec 21 11:23:47 CST 2017]; root of context hierarchy (org.springframework.context.support.GenericApplicationContext)
[2017-12-21 11:32:32,915] INFO Loading XML bean definitions from InputStream resource [resource loaded through InputStream] (org.springframework.beans.factory.xml.XmlBeanDefinitionReader)
[2017-12-21 11:32:33,325] INFO Refreshing org.springframework.context.support.GenericApplicationContext@71d36bf2: startup date [Thu Dec 21 11:32:33 CST 2017]; root of context hierarchy (org.springframework.context.support.GenericApplicationContext)
[2017-12-21 11:35:04,359] INFO Loading XML bean definitions from InputStream resource [resource loaded through InputStream] (org.springframework.beans.factory.xml.XmlBeanDefinitionReader)
[2017-12-21 11:35:04,740] INFO Refreshing org.springframework.context.support.GenericApplicationContext@4c889b3c: startup date [Thu Dec 21 11:35:04 CST 2017]; root of context hierarchy (org.springframework.context.support.GenericApplicationContext)
[2017-12-21 11:39:45,233] INFO Loading XML bean definitions from InputStream resource [resource loaded through InputStream] (org.springframework.beans.factory.xml.XmlBeanDefinitionReader)
[2017-12-21 11:39:45,533] INFO Refreshing org.springframework.context.support.GenericApplicationContext@14db5866: startup date [Thu Dec 21 11:39:45 CST 2017]; root of context hierarchy (org.springframework.context.support.GenericApplicationContext)
[2017-12-22 16:43:08,464] INFO Loading XML bean definitions from InputStream resource [resource loaded through InputStream] (org.springframework.beans.factory.xml.XmlBeanDefinitionReader)
[2017-12-22 16:43:09,440] INFO Refreshing org.springframework.context.support.GenericApplicationContext@14db5866: startup date [Fri Dec 22 16:43:09 CST 2017]; root of context hierarchy (org.springframework.context.support.GenericApplicationContext)
[2017-12-22 18:00:39,820] INFO Loading XML bean definitions from InputStream resource [resource loaded through InputStream] (org.springframework.beans.factory.xml.XmlBeanDefinitionReader)
[2017-12-22 18:00:40,270] INFO Refreshing org.springframework.context.support.GenericApplicationContext@23ec4d42: startup date [Fri Dec 22 18:00:40 CST 2017]; root of context hierarchy (org.springframework.context.support.GenericApplicationContext)
[2017-12-25 14:03:48,695] INFO Loading XML bean definitions from InputStream resource [resource loaded through InputStream] (org.springframework.beans.factory.xml.XmlBeanDefinitionReader)
[2017-12-25 14:03:49,062] INFO Refreshing org.springframework.context.support.GenericApplicationContext@4c889b3c: startup date [Mon Dec 25 14:03:49 CST 2017]; root of context hierarchy (org.springframework.context.support.GenericApplicationContext)
[2017-12-25 14:10:35,826] INFO Loading XML bean definitions from InputStream resource [resource loaded through InputStream] (org.springframework.beans.factory.xml.XmlBeanDefinitionReader)
[2017-12-25 14:10:36,024] INFO Refreshing org.springframework.context.support.GenericApplicationContext@14db5866: startup date [Mon Dec 25 14:10:36 CST 2017]; root of context hierarchy (org.springframework.context.support.GenericApplicationContext)
[2017-12-25 14:33:49,471] INFO Loading XML bean definitions from InputStream resource [resource loaded through InputStream] (org.springframework.beans.factory.xml.XmlBeanDefinitionReader)
[2017-12-25 14:33:49,758] INFO Refreshing org.springframework.context.support.GenericApplicationContext@1c87a765: startup date [Mon Dec 25 14:33:49 CST 2017]; root of context hierarchy (org.springframework.context.support.GenericApplicationContext)
[2017-12-25 14:39:41,838] INFO Loading XML bean definitions from InputStream resource [resource loaded through InputStream] (org.springframework.beans.factory.xml.XmlBeanDefinitionReader)
[2017-12-25 14:39:42,190] INFO Refreshing org.springframework.context.support.GenericApplicationContext@1c87a765: startup date [Mon Dec 25 14:39:42 CST 2017]; root of context hierarchy (org.springframework.context.support.GenericApplicationContext)
[2017-12-29 10:54:51,345] INFO Loading XML bean definitions from InputStream resource [resource loaded through InputStream] (org.springframework.beans.factory.xml.XmlBeanDefinitionReader)
[2017-12-29 10:54:51,776] INFO Refreshing org.springframework.context.support.GenericApplicationContext@63145a0c: startup date [Fri Dec 29 10:54:51 CST 2017]; root of context hierarchy (org.springframework.context.support.GenericApplicationContext)
[2017-12-29 10:56:13,638] INFO Loading XML bean definitions from InputStream resource [resource loaded through InputStream] (org.springframework.beans.factory.xml.XmlBeanDefinitionReader)
[2017-12-29 10:56:14,084] INFO Refreshing org.springframework.context.support.GenericApplicationContext@63145a0c: startup date [Fri Dec 29 10:56:14 CST 2017]; root of context hierarchy (org.springframework.context.support.GenericApplicationContext)
[2017-12-29 15:06:51,641] INFO Loading XML bean definitions from InputStream resource [resource loaded through InputStream] (org.springframework.beans.factory.xml.XmlBeanDefinitionReader)
[2017-12-29 15:06:51,904] INFO Refreshing org.springframework.context.support.GenericApplicationContext@63145a0c: startup date [Fri Dec 29 15:06:51 CST 2017]; root of context hierarchy (org.springframework.context.support.GenericApplicationContext)
[2017-12-29 15:07:29,598] INFO Loading XML bean definitions from InputStream resource [resource loaded through InputStream] (org.springframework.beans.factory.xml.XmlBeanDefinitionReader)
[2017-12-29 15:07:30,459] INFO Refreshing org.springframework.context.support.GenericApplicationContext@63145a0c: startup date [Fri Dec 29 15:07:30 CST 2017]; root of context hierarchy (org.springframework.context.support.GenericApplicationContext)
[2017-12-29 15:09:43,159] INFO Loading XML bean definitions from InputStream resource [resource loaded through InputStream] (org.springframework.beans.factory.xml.XmlBeanDefinitionReader)
[2017-12-29 15:09:43,496] INFO Refreshing org.springframework.context.support.GenericApplicationContext@63145a0c: startup date [Fri Dec 29 15:09:43 CST 2017]; root of context hierarchy (org.springframework.context.support.GenericApplicationContext)
[2017-12-29 15:13:30,616] INFO Loading XML bean definitions from InputStream resource [resource loaded through InputStream] (org.springframework.beans.factory.xml.XmlBeanDefinitionReader)
[2017-12-29 15:13:31,032] INFO Refreshing org.springframework.context.support.GenericApplicationContext@63145a0c: startup date [Fri Dec 29 15:13:31 CST 2017]; root of context hierarchy (org.springframework.context.support.GenericApplicationContext)
[2017-12-29 15:16:03,155] INFO Loading XML bean definitions from InputStream resource [resource loaded through InputStream] (org.springframework.beans.factory.xml.XmlBeanDefinitionReader)
[2017-12-29 15:16:03,473] INFO Refreshing org.springframework.context.support.GenericApplicationContext@539904f4: startup date [Fri Dec 29 15:16:03 CST 2017]; root of context hierarchy (org.springframework.context.support.GenericApplicationContext)
[2017-12-29 15:22:05,534] INFO Loading XML bean definitions from InputStream resource [resource loaded through InputStream] (org.springframework.beans.factory.xml.XmlBeanDefinitionReader)
[2017-12-29 15:22:05,907] INFO Refreshing org.springframework.context.support.GenericApplicationContext@539904f4: startup date [Fri Dec 29 15:22:05 CST 2017]; root of context hierarchy (org.springframework.context.support.GenericApplicationContext)
[2017-12-29 15:32:02,088] INFO Loading XML bean definitions from InputStream resource [resource loaded through InputStream] (org.springframework.beans.factory.xml.XmlBeanDefinitionReader)
[2017-12-29 15:32:02,636] INFO Refreshing org.springframework.context.support.GenericApplicationContext@42fc652e: startup date [Fri Dec 29 15:32:02 CST 2017]; root of context hierarchy (org.springframework.context.support.GenericApplicationContext)
[2017-12-29 15:32:50,476] INFO Loading XML bean definitions from InputStream resource [resource loaded through InputStream] (org.springframework.beans.factory.xml.XmlBeanDefinitionReader)
[2017-12-29 15:32:50,789] INFO Refreshing org.springframework.context.support.GenericApplicationContext@63145a0c: startup date [Fri Dec 29 15:32:50 CST 2017]; root of context hierarchy (org.springframework.context.support.GenericApplicationContext)
[2017-12-29 15:43:10,554] INFO Loading XML bean definitions from InputStream resource [resource loaded through InputStream] (org.springframework.beans.factory.xml.XmlBeanDefinitionReader)
[2017-12-29 15:43:10,858] INFO Refreshing org.springframework.context.support.GenericApplicationContext@5231d499: startup date [Fri Dec 29 15:43:10 CST 2017]; root of context hierarchy (org.springframework.context.support.GenericApplicationContext)
[2017-12-29 15:49:40,730] INFO Loading XML bean definitions from InputStream resource [resource loaded through InputStream] (org.springframework.beans.factory.xml.XmlBeanDefinitionReader)
[2017-12-29 15:49:40,958] INFO Refreshing org.springframework.context.support.GenericApplicationContext@5231d499: startup date [Fri Dec 29 15:49:40 CST 2017]; root of context hierarchy (org.springframework.context.support.GenericApplicationContext)
[2017-12-29 16:12:16,539] INFO Loading XML bean definitions from InputStream resource [resource loaded through InputStream] (org.springframework.beans.factory.xml.XmlBeanDefinitionReader)
[2017-12-29 16:12:17,049] INFO Refreshing org.springframework.context.support.GenericApplicationContext@39d0c448: startup date [Fri Dec 29 16:12:17 CST 2017]; root of context hierarchy (org.springframework.context.support.GenericApplicationContext)
[2017-12-29 16:14:06,426] INFO Loading XML bean definitions from InputStream resource [resource loaded through InputStream] (org.springframework.beans.factory.xml.XmlBeanDefinitionReader)
[2017-12-29 16:14:06,820] INFO Refreshing org.springframework.context.support.GenericApplicationContext@a97388b: startup date [Fri Dec 29 16:14:06 CST 2017]; root of context hierarchy (org.springframework.context.support.GenericApplicationContext)
[2017-12-29 16:17:50,475] INFO Loading XML bean definitions from InputStream resource [resource loaded through InputStream] (org.springframework.beans.factory.xml.XmlBeanDefinitionReader)
[2017-12-29 16:17:50,646] INFO Refreshing org.springframework.context.support.GenericApplicationContext@30c2599f: startup date [Fri Dec 29 16:17:50 CST 2017]; root of context hierarchy (org.springframework.context.support.GenericApplicationContext)
[2017-12-29 16:25:50,260] INFO Loading XML bean definitions from InputStream resource [resource loaded through InputStream] (org.springframework.beans.factory.xml.XmlBeanDefinitionReader)
[2017-12-29 16:25:50,539] INFO Refreshing org.springframework.context.support.GenericApplicationContext@1273c718: startup date [Fri Dec 29 16:25:50 CST 2017]; root of context hierarchy (org.springframework.context.support.GenericApplicationContext)
[2017-12-29 16:34:26,197] INFO Loading XML bean definitions from InputStream resource [resource loaded through InputStream] (org.springframework.beans.factory.xml.XmlBeanDefinitionReader)
[2017-12-29 16:34:26,520] INFO Refreshing org.springframework.context.support.GenericApplicationContext@30c2599f: startup date [Fri Dec 29 16:34:26 CST 2017]; root of context hierarchy (org.springframework.context.support.GenericApplicationContext)
[2017-12-29 16:36:58,832] INFO Loading XML bean definitions from InputStream resource [resource loaded through InputStream] (org.springframework.beans.factory.xml.XmlBeanDefinitionReader)
[2017-12-29 16:36:59,177] INFO Refreshing org.springframework.context.support.GenericApplicationContext@5fd91a7a: startup date [Fri Dec 29 16:36:59 CST 2017]; root of context hierarchy (org.springframework.context.support.GenericApplicationContext)
[2017-12-29 16:45:58,111] INFO Loading XML bean definitions from InputStream resource [resource loaded through InputStream] (org.springframework.beans.factory.xml.XmlBeanDefinitionReader)
[2017-12-29 16:45:58,470] INFO Refreshing org.springframework.context.support.GenericApplicationContext@5fd91a7a: startup date [Fri Dec 29 16:45:58 CST 2017]; root of context hierarchy (org.springframework.context.support.GenericApplicationContext)
[2017-12-29 16:50:39,470] INFO Loading XML bean definitions from InputStream resource [resource loaded through InputStream] (org.springframework.beans.factory.xml.XmlBeanDefinitionReader)
[2017-12-29 16:50:39,796] INFO Refreshing org.springframework.context.support.GenericApplicationContext@39f91f44: startup date [Fri Dec 29 16:50:39 CST 2017]; root of context hierarchy (org.springframework.context.support.GenericApplicationContext)
[2017-12-29 16:53:45,900] INFO Loading XML bean definitions from InputStream resource [resource loaded through InputStream] (org.springframework.beans.factory.xml.XmlBeanDefinitionReader)
[2017-12-29 16:53:46,289] INFO Refreshing org.springframework.context.support.GenericApplicationContext@53c3dcdc: startup date [Fri Dec 29 16:53:46 CST 2017]; root of context hierarchy (org.springframework.context.support.GenericApplicationContext)
[2017-12-29 16:54:45,137] INFO Loading XML bean definitions from InputStream resource [resource loaded through InputStream] (org.springframework.beans.factory.xml.XmlBeanDefinitionReader)
[2017-12-29 16:54:45,558] INFO Refreshing org.springframework.context.support.GenericApplicationContext@6ff106ab: startup date [Fri Dec 29 16:54:45 CST 2017]; root of context hierarchy (org.springframework.context.support.GenericApplicationContext)
[2017-12-29 16:58:18,387] INFO Loading XML bean definitions from InputStream resource [resource loaded through InputStream] (org.springframework.beans.factory.xml.XmlBeanDefinitionReader)
[2017-12-29 16:58:18,700] INFO Refreshing org.springframework.context.support.GenericApplicationContext@4e33967b: startup date [Fri Dec 29 16:58:18 CST 2017]; root of context hierarchy (org.springframework.context.support.GenericApplicationContext)
[2017-12-29 16:59:41,218] INFO Loading XML bean definitions from InputStream resource [resource loaded through InputStream] (org.springframework.beans.factory.xml.XmlBeanDefinitionReader)
[2017-12-29 16:59:41,503] INFO Refreshing org.springframework.context.support.GenericApplicationContext@11f69937: startup date [Fri Dec 29 16:59:41 CST 2017]; root of context hierarchy (org.springframework.context.support.GenericApplicationContext)
[2017-12-29 17:00:52,092] INFO Loading XML bean definitions from InputStream resource [resource loaded through InputStream] (org.springframework.beans.factory.xml.XmlBeanDefinitionReader)
[2017-12-29 17:00:52,523] INFO Refreshing org.springframework.context.support.GenericApplicationContext@54c4f317: startup date [Fri Dec 29 17:00:52 CST 2017]; root of context hierarchy (org.springframework.context.support.GenericApplicationContext)
[2017-12-29 17:12:31,959] INFO Loading XML bean definitions from InputStream resource [resource loaded through InputStream] (org.springframework.beans.factory.xml.XmlBeanDefinitionReader)
[2017-12-29 17:12:32,378] INFO Refreshing org.springframework.context.support.GenericApplicationContext@54c4f317: startup date [Fri Dec 29 17:12:32 CST 2017]; root of context hierarchy (org.springframework.context.support.GenericApplicationContext)
[2017-12-29 17:12:53,100] INFO Loading XML bean definitions from InputStream resource [resource loaded through InputStream] (org.springframework.beans.factory.xml.XmlBeanDefinitionReader)
[2017-12-29 17:12:53,617] INFO Refreshing org.springframework.context.support.GenericApplicationContext@11f69937: startup date [Fri Dec 29 17:12:53 CST 2017]; root of context hierarchy (org.springframework.context.support.GenericApplicationContext)
[2017-12-29 17:18:06,699] INFO Loading XML bean definitions from InputStream resource [resource loaded through InputStream] (org.springframework.beans.factory.xml.XmlBeanDefinitionReader)
[2017-12-29 17:18:07,044] INFO Refreshing org.springframework.context.support.GenericApplicationContext@779b747d: startup date [Fri Dec 29 17:18:07 CST 2017]; root of context hierarchy (org.springframework.context.support.GenericApplicationContext)
[2017-12-29 17:23:46,302] INFO Loading XML bean definitions from InputStream resource [resource loaded through InputStream] (org.springframework.beans.factory.xml.XmlBeanDefinitionReader)
[2017-12-29 17:23:46,779] INFO Refreshing org.springframework.context.support.GenericApplicationContext@e6efc82: startup date [Fri Dec 29 17:23:46 CST 2017]; root of context hierarchy (org.springframework.context.support.GenericApplicationContext)
[2017-12-29 17:35:22,650] INFO Loading XML bean definitions from InputStream resource [resource loaded through InputStream] (org.springframework.beans.factory.xml.XmlBeanDefinitionReader)
[2017-12-29 17:35:23,172] INFO Refreshing org.springframework.context.support.GenericApplicationContext@47a29afb: startup date [Fri Dec 29 17:35:23 CST 2017]; root of context hierarchy (org.springframework.context.support.GenericApplicationContext)
[2017-12-29 17:40:21,437] INFO Loading XML bean definitions from InputStream resource [resource loaded through InputStream] (org.springframework.beans.factory.xml.XmlBeanDefinitionReader)
[2017-12-29 17:40:22,202] INFO Refreshing org.springframework.context.support.GenericApplicationContext@1681b50e: startup date [Fri Dec 29 17:40:22 CST 2017]; root of context hierarchy (org.springframework.context.support.GenericApplicationContext)
[2017-12-29 17:40:50,946] INFO Loading XML bean definitions from InputStream resource [resource loaded through InputStream] (org.springframework.beans.factory.xml.XmlBeanDefinitionReader)
[2017-12-29 17:40:51,544] INFO Refreshing org.springframework.context.support.GenericApplicationContext@e6efc82: startup date [Fri Dec 29 17:40:51 CST 2017]; root of context hierarchy (org.springframework.context.support.GenericApplicationContext)
[2017-12-29 17:47:31,774] INFO Loading XML bean definitions from InputStream resource [resource loaded through InputStream] (org.springframework.beans.factory.xml.XmlBeanDefinitionReader)
[2017-12-29 17:47:32,136] INFO Refreshing org.springframework.context.support.GenericApplicationContext@5fd91a7a: startup date [Fri Dec 29 17:47:32 CST 2017]; root of context hierarchy (org.springframework.context.support.GenericApplicationContext)
[2017-12-29 17:49:36,766] INFO Loading XML bean definitions from InputStream resource [resource loaded through InputStream] (org.springframework.beans.factory.xml.XmlBeanDefinitionReader)
[2017-12-29 17:49:37,091] INFO Refreshing org.springframework.context.support.GenericApplicationContext@39f91f44: startup date [Fri Dec 29 17:49:37 CST 2017]; root of context hierarchy (org.springframework.context.support.GenericApplicationContext)
[2017-12-29 17:53:05,784] INFO Loading XML bean definitions from InputStream resource [resource loaded through InputStream] (org.springframework.beans.factory.xml.XmlBeanDefinitionReader)
[2017-12-29 17:53:06,125] INFO Refreshing org.springframework.context.support.GenericApplicationContext@265970bf: startup date [Fri Dec 29 17:53:06 CST 2017]; root of context hierarchy (org.springframework.context.support.GenericApplicationContext)
[2017-12-29 17:54:48,873] INFO Loading XML bean definitions from InputStream resource [resource loaded through InputStream] (org.springframework.beans.factory.xml.XmlBeanDefinitionReader)
[2017-12-29 17:54:49,163] INFO Refreshing org.springframework.context.support.GenericApplicationContext@5fd91a7a: startup date [Fri Dec 29 17:54:49 CST 2017]; root of context hierarchy (org.springframework.context.support.GenericApplicationContext)
[2017-12-29 18:00:42,689] INFO Loading XML bean definitions from InputStream resource [resource loaded through InputStream] (org.springframework.beans.factory.xml.XmlBeanDefinitionReader)
[2017-12-29 18:00:42,988] INFO Refreshing org.springframework.context.support.GenericApplicationContext@39f91f44: startup date [Fri Dec 29 18:00:42 CST 2017]; root of context hierarchy (org.springframework.context.support.GenericApplicationContext)
[2018-01-02 10:33:58,415] INFO Loading XML bean definitions from InputStream resource [resource loaded through InputStream] (org.springframework.beans.factory.xml.XmlBeanDefinitionReader)
[2018-01-02 10:33:59,079] INFO Refreshing org.springframework.context.support.GenericApplicationContext@f6fb957: startup date [Tue Jan 02 10:33:59 CST 2018]; root of context hierarchy (org.springframework.context.support.GenericApplicationContext)
[2018-01-02 10:54:57,223] INFO Loading XML bean definitions from InputStream resource [resource loaded through InputStream] (org.springframework.beans.factory.xml.XmlBeanDefinitionReader)
[2018-01-02 10:54:57,540] INFO Refreshing org.springframework.context.support.GenericApplicationContext@11f69937: startup date [Tue Jan 02 10:54:57 CST 2018]; root of context hierarchy (org.springframework.context.support.GenericApplicationContext)
[2018-01-02 10:55:29,486] INFO Loading XML bean definitions from InputStream resource [resource loaded through InputStream] (org.springframework.beans.factory.xml.XmlBeanDefinitionReader)
[2018-01-02 10:55:29,807] INFO Refreshing org.springframework.context.support.GenericApplicationContext@1cdc8d59: startup date [Tue Jan 02 10:55:29 CST 2018]; root of context hierarchy (org.springframework.context.support.GenericApplicationContext)
[2018-01-02 10:58:47,313] INFO Loading XML bean definitions from InputStream resource [resource loaded through InputStream] (org.springframework.beans.factory.xml.XmlBeanDefinitionReader)
[2018-01-02 10:58:47,659] INFO Refreshing org.springframework.context.support.GenericApplicationContext@5fd91a7a: startup date [Tue Jan 02 10:58:47 CST 2018]; root of context hierarchy (org.springframework.context.support.GenericApplicationContext)
[2018-01-02 11:03:42,583] INFO Loading XML bean definitions from InputStream resource [resource loaded through InputStream] (org.springframework.beans.factory.xml.XmlBeanDefinitionReader)
[2018-01-02 11:03:42,950] INFO Refreshing org.springframework.context.support.GenericApplicationContext@1cdc8d59: startup date [Tue Jan 02 11:03:42 CST 2018]; root of context hierarchy (org.springframework.context.support.GenericApplicationContext)
[2018-01-02 11:05:50,559] INFO Loading XML bean definitions from InputStream resource [resource loaded through InputStream] (org.springframework.beans.factory.xml.XmlBeanDefinitionReader)
[2018-01-02 11:05:50,975] INFO Refreshing org.springframework.context.support.GenericApplicationContext@5fd91a7a: startup date [Tue Jan 02 11:05:50 CST 2018]; root of context hierarchy (org.springframework.context.support.GenericApplicationContext)
[2018-01-02 11:08:53,966] INFO Loading XML bean definitions from InputStream resource [resource loaded through InputStream] (org.springframework.beans.factory.xml.XmlBeanDefinitionReader)
[2018-01-02 11:08:54,283] INFO Refreshing org.springframework.context.support.GenericApplicationContext@53c3dcdc: startup date [Tue Jan 02 11:08:54 CST 2018]; root of context hierarchy (org.springframework.context.support.GenericApplicationContext)
[2018-01-02 11:23:00,458] INFO Loading XML bean definitions from InputStream resource [resource loaded through InputStream] (org.springframework.beans.factory.xml.XmlBeanDefinitionReader)
[2018-01-02 11:23:00,900] INFO Refreshing org.springframework.context.support.GenericApplicationContext@53c3dcdc: startup date [Tue Jan 02 11:23:00 CST 2018]; root of context hierarchy (org.springframework.context.support.GenericApplicationContext)
[2018-01-02 11:24:10,825] INFO Loading XML bean definitions from InputStream resource [resource loaded through InputStream] (org.springframework.beans.factory.xml.XmlBeanDefinitionReader)
[2018-01-02 11:24:11,242] INFO Refreshing org.springframework.context.support.GenericApplicationContext@1cdc8d59: startup date [Tue Jan 02 11:24:11 CST 2018]; root of context hierarchy (org.springframework.context.support.GenericApplicationContext)
[2018-01-02 11:33:43,494] INFO Loading XML bean definitions from InputStream resource [resource loaded through InputStream] (org.springframework.beans.factory.xml.XmlBeanDefinitionReader)
[2018-01-02 11:33:43,843] INFO Refreshing org.springframework.context.support.GenericApplicationContext@5fd91a7a: startup date [Tue Jan 02 11:33:43 CST 2018]; root of context hierarchy (org.springframework.context.support.GenericApplicationContext)
[2018-01-02 14:03:03,893] INFO Loading XML bean definitions from InputStream resource [resource loaded through InputStream] (org.springframework.beans.factory.xml.XmlBeanDefinitionReader)
[2018-01-02 14:03:04,197] INFO Refreshing org.springframework.context.support.GenericApplicationContext@4e01331b: startup date [Tue Jan 02 14:03:04 CST 2018]; root of context hierarchy (org.springframework.context.support.GenericApplicationContext)
[2018-01-02 14:07:32,323] INFO Loading XML bean definitions from InputStream resource [resource loaded through InputStream] (org.springframework.beans.factory.xml.XmlBeanDefinitionReader)
[2018-01-02 14:07:33,092] INFO Refreshing org.springframework.context.support.GenericApplicationContext@30c2599f: startup date [Tue Jan 02 14:07:33 CST 2018]; root of context hierarchy (org.springframework.context.support.GenericApplicationContext)
[2018-01-02 14:34:23,879] INFO Loading XML bean definitions from InputStream resource [resource loaded through InputStream] (org.springframework.beans.factory.xml.XmlBeanDefinitionReader)
[2018-01-02 14:34:24,259] INFO Refreshing org.springframework.context.support.GenericApplicationContext@53c3dcdc: startup date [Tue Jan 02 14:34:24 CST 2018]; root of context hierarchy (org.springframework.context.support.GenericApplicationContext)
[2018-01-02 14:35:25,907] INFO Loading XML bean definitions from InputStream resource [resource loaded through InputStream] (org.springframework.beans.factory.xml.XmlBeanDefinitionReader)
[2018-01-02 14:35:26,280] INFO Refreshing org.springframework.context.support.GenericApplicationContext@1273c718: startup date [Tue Jan 02 14:35:26 CST 2018]; root of context hierarchy (org.springframework.context.support.GenericApplicationContext)
[2018-01-02 14:41:29,783] INFO Loading XML bean definitions from InputStream resource [resource loaded through InputStream] (org.springframework.beans.factory.xml.XmlBeanDefinitionReader)
[2018-01-02 14:41:30,158] INFO Refreshing org.springframework.context.support.GenericApplicationContext@39f91f44: startup date [Tue Jan 02 14:41:30 CST 2018]; root of context hierarchy (org.springframework.context.support.GenericApplicationContext)
[2018-01-02 14:43:02,120] INFO Loading XML bean definitions from InputStream resource [resource loaded through InputStream] (org.springframework.beans.factory.xml.XmlBeanDefinitionReader)
[2018-01-02 14:43:02,392] INFO Refreshing org.springframework.context.support.GenericApplicationContext@6f14021e: startup date [Tue Jan 02 14:43:02 CST 2018]; root of context hierarchy (org.springframework.context.support.GenericApplicationContext)
[2018-01-02 14:47:31,449] INFO Loading XML bean definitions from InputStream resource [resource loaded through InputStream] (org.springframework.beans.factory.xml.XmlBeanDefinitionReader)
[2018-01-02 14:47:31,795] INFO Refreshing org.springframework.context.support.GenericApplicationContext@4e01331b: startup date [Tue Jan 02 14:47:31 CST 2018]; root of context hierarchy (org.springframework.context.support.GenericApplicationContext)
[2018-01-02 14:49:38,772] INFO Loading XML bean definitions from InputStream resource [resource loaded through InputStream] (org.springframework.beans.factory.xml.XmlBeanDefinitionReader)
[2018-01-02 14:49:39,261] INFO Refreshing org.springframework.context.support.GenericApplicationContext@53c3dcdc: startup date [Tue Jan 02 14:49:39 CST 2018]; root of context hierarchy (org.springframework.context.support.GenericApplicationContext)
[2018-01-02 16:01:03,589] INFO Loading XML bean definitions from InputStream resource [resource loaded through InputStream] (org.springframework.beans.factory.xml.XmlBeanDefinitionReader)
[2018-01-02 16:01:03,837] INFO Refreshing org.springframework.context.support.GenericApplicationContext@1cdc8d59: startup date [Tue Jan 02 16:01:03 CST 2018]; root of context hierarchy (org.springframework.context.support.GenericApplicationContext)
[2018-01-02 16:12:16,530] INFO Loading XML bean definitions from InputStream resource [resource loaded through InputStream] (org.springframework.beans.factory.xml.XmlBeanDefinitionReader)
[2018-01-02 16:12:16,826] INFO Refreshing org.springframework.context.support.GenericApplicationContext@5fd91a7a: startup date [Tue Jan 02 16:12:16 CST 2018]; root of context hierarchy (org.springframework.context.support.GenericApplicationContext)
[2018-01-02 17:04:14,021] INFO Loading XML bean definitions from InputStream resource [resource loaded through InputStream] (org.springframework.beans.factory.xml.XmlBeanDefinitionReader)
[2018-01-02 17:04:14,346] INFO Refreshing org.springframework.context.support.GenericApplicationContext@1cdc8d59: startup date [Tue Jan 02 17:04:14 CST 2018]; root of context hierarchy (org.springframework.context.support.GenericApplicationContext)
[2018-01-02 18:04:13,684] INFO Loading XML bean definitions from InputStream resource [resource loaded through InputStream] (org.springframework.beans.factory.xml.XmlBeanDefinitionReader)
[2018-01-02 18:04:13,977] INFO Refreshing org.springframework.context.support.GenericApplicationContext@205d29e9: startup date [Tue Jan 02 18:04:13 CST 2018]; root of context hierarchy (org.springframework.context.support.GenericApplicationContext)
[2018-01-02 18:05:10,428] INFO Loading XML bean definitions from InputStream resource [resource loaded through InputStream] (org.springframework.beans.factory.xml.XmlBeanDefinitionReader)
[2018-01-02 18:05:10,894] INFO Refreshing org.springframework.context.support.GenericApplicationContext@205d29e9: startup date [Tue Jan 02 18:05:10 CST 2018]; root of context hierarchy (org.springframework.context.support.GenericApplicationContext)
[2018-01-02 18:11:17,975] INFO Loading XML bean definitions from InputStream resource [resource loaded through InputStream] (org.springframework.beans.factory.xml.XmlBeanDefinitionReader)
[2018-01-02 18:11:18,402] INFO Refreshing org.springframework.context.support.GenericApplicationContext@85379bc: startup date [Tue Jan 02 18:11:18 CST 2018]; root of context hierarchy (org.springframework.context.support.GenericApplicationContext)
[2018-01-02 18:15:21,631] INFO Loading XML bean definitions from InputStream resource [resource loaded through InputStream] (org.springframework.beans.factory.xml.XmlBeanDefinitionReader)
[2018-01-02 18:15:22,140] INFO Refreshing org.springframework.context.support.GenericApplicationContext@44ed6050: startup date [Tue Jan 02 18:15:22 CST 2018]; root of context hierarchy (org.springframework.context.support.GenericApplicationContext)
[2018-01-02 18:16:14,698] INFO Loading XML bean definitions from InputStream resource [resource loaded through InputStream] (org.springframework.beans.factory.xml.XmlBeanDefinitionReader)
[2018-01-02 18:16:15,168] INFO Refreshing org.springframework.context.support.GenericApplicationContext@31be7a6: startup date [Tue Jan 02 18:16:15 CST 2018]; root of context hierarchy (org.springframework.context.support.GenericApplicationContext)
[2018-01-02 18:22:45,407] INFO Loading XML bean definitions from InputStream resource [resource loaded through InputStream] (org.springframework.beans.factory.xml.XmlBeanDefinitionReader)
[2018-01-02 18:22:45,831] INFO Refreshing org.springframework.context.support.GenericApplicationContext@3c4e478a: startup date [Tue Jan 02 18:22:45 CST 2018]; root of context hierarchy (org.springframework.context.support.GenericApplicationContext)
[2018-01-02 18:25:13,034] INFO Loading XML bean definitions from InputStream resource [resource loaded through InputStream] (org.springframework.beans.factory.xml.XmlBeanDefinitionReader)
[2018-01-02 18:25:13,580] INFO Refreshing org.springframework.context.support.GenericApplicationContext@446a9098: startup date [Tue Jan 02 18:25:13 CST 2018]; root of context hierarchy (org.springframework.context.support.GenericApplicationContext)
[2018-01-03 10:00:22,308] INFO Loading XML bean definitions from InputStream resource [resource loaded through InputStream] (org.springframework.beans.factory.xml.XmlBeanDefinitionReader)
[2018-01-03 10:00:22,654] INFO Refreshing org.springframework.context.support.GenericApplicationContext@7efcf7e3: startup date [Wed Jan 03 10:00:22 CST 2018]; root of context hierarchy (org.springframework.context.support.GenericApplicationContext)
[2018-01-03 10:01:13,146] INFO Loading XML bean definitions from InputStream resource [resource loaded through InputStream] (org.springframework.beans.factory.xml.XmlBeanDefinitionReader)
[2018-01-03 10:01:13,506] INFO Refreshing org.springframework.context.support.GenericApplicationContext@7efcf7e3: startup date [Wed Jan 03 10:01:13 CST 2018]; root of context hierarchy (org.springframework.context.support.GenericApplicationContext)
[2018-01-03 15:25:06,409] INFO Loading XML bean definitions from InputStream resource [resource loaded through InputStream] (org.springframework.beans.factory.xml.XmlBeanDefinitionReader)
[2018-01-03 15:25:07,301] INFO Refreshing org.springframework.context.support.GenericApplicationContext@779b747d: startup date [Wed Jan 03 15:25:07 CST 2018]; root of context hierarchy (org.springframework.context.support.GenericApplicationContext)
[2018-01-03 15:28:15,770] INFO Loading XML bean definitions from InputStream resource [resource loaded through InputStream] (org.springframework.beans.factory.xml.XmlBeanDefinitionReader)
[2018-01-03 15:28:16,095] INFO Refreshing org.springframework.context.support.GenericApplicationContext@11f69937: startup date [Wed Jan 03 15:28:16 CST 2018]; root of context hierarchy (org.springframework.context.support.GenericApplicationContext)
[2018-01-03 15:41:16,462] INFO Loading XML bean definitions from InputStream resource [resource loaded through InputStream] (org.springframework.beans.factory.xml.XmlBeanDefinitionReader)
[2018-01-03 15:41:16,960] INFO Refreshing org.springframework.context.support.GenericApplicationContext@1cdc8d59: startup date [Wed Jan 03 15:41:16 CST 2018]; root of context hierarchy (org.springframework.context.support.GenericApplicationContext)
[2018-01-03 15:42:56,848] INFO Loading XML bean definitions from InputStream resource [resource loaded through InputStream] (org.springframework.beans.factory.xml.XmlBeanDefinitionReader)
[2018-01-03 15:42:57,292] INFO Refreshing org.springframework.context.support.GenericApplicationContext@5fd91a7a: startup date [Wed Jan 03 15:42:57 CST 2018]; root of context hierarchy (org.springframework.context.support.GenericApplicationContext)
[2018-01-03 15:47:24,996] INFO Loading XML bean definitions from InputStream resource [resource loaded through InputStream] (org.springframework.beans.factory.xml.XmlBeanDefinitionReader)
[2018-01-03 15:47:25,363] INFO Refreshing org.springframework.context.support.GenericApplicationContext@53c3dcdc: startup date [Wed Jan 03 15:47:25 CST 2018]; root of context hierarchy (org.springframework.context.support.GenericApplicationContext)
[2018-01-04 09:55:23,390] INFO Loading XML bean definitions from InputStream resource [resource loaded through InputStream] (org.springframework.beans.factory.xml.XmlBeanDefinitionReader)
[2018-01-04 09:55:23,737] INFO Refreshing org.springframework.context.support.GenericApplicationContext@4de3a6dd: startup date [Thu Jan 04 09:55:23 CST 2018]; root of context hierarchy (org.springframework.context.support.GenericApplicationContext)
[2018-01-04 09:56:09,792] INFO Loading XML bean definitions from InputStream resource [resource loaded through InputStream] (org.springframework.beans.factory.xml.XmlBeanDefinitionReader)
[2018-01-04 09:56:10,184] INFO Refreshing org.springframework.context.support.GenericApplicationContext@2e2b5ba8: startup date [Thu Jan 04 09:56:10 CST 2018]; root of context hierarchy (org.springframework.context.support.GenericApplicationContext)
[2018-01-04 09:57:30,129] INFO Loading XML bean definitions from InputStream resource [resource loaded through InputStream] (org.springframework.beans.factory.xml.XmlBeanDefinitionReader)
[2018-01-04 09:57:30,467] INFO Refreshing org.springframework.context.support.GenericApplicationContext@2789eebb: startup date [Thu Jan 04 09:57:30 CST 2018]; root of context hierarchy (org.springframework.context.support.GenericApplicationContext)
[2018-01-04 10:00:03,765] INFO Loading XML bean definitions from InputStream resource [resource loaded through InputStream] (org.springframework.beans.factory.xml.XmlBeanDefinitionReader)
[2018-01-04 10:00:04,463] INFO Refreshing org.springframework.context.support.GenericApplicationContext@15de3027: startup date [Thu Jan 04 10:00:04 CST 2018]; root of context hierarchy (org.springframework.context.support.GenericApplicationContext)
[2018-01-04 10:03:16,060] INFO Loading XML bean definitions from InputStream resource [resource loaded through InputStream] (org.springframework.beans.factory.xml.XmlBeanDefinitionReader)
[2018-01-04 10:03:16,359] INFO Refreshing org.springframework.context.support.GenericApplicationContext@2e2b5ba8: startup date [Thu Jan 04 10:03:16 CST 2018]; root of context hierarchy (org.springframework.context.support.GenericApplicationContext)
[2018-01-04 10:07:01,735] INFO Loading XML bean definitions from InputStream resource [resource loaded through InputStream] (org.springframework.beans.factory.xml.XmlBeanDefinitionReader)
[2018-01-04 10:07:02,027] INFO Refreshing org.springframework.context.support.GenericApplicationContext@15de3027: startup date [Thu Jan 04 10:07:02 CST 2018]; root of context hierarchy (org.springframework.context.support.GenericApplicationContext)
[2018-01-04 10:08:01,746] INFO Loading XML bean definitions from InputStream resource [resource loaded through InputStream] (org.springframework.beans.factory.xml.XmlBeanDefinitionReader)
[2018-01-04 10:08:02,033] INFO Refreshing org.springframework.context.support.GenericApplicationContext@4de3a6dd: startup date [Thu Jan 04 10:08:02 CST 2018]; root of context hierarchy (org.springframework.context.support.GenericApplicationContext)
[2018-01-04 10:08:33,259] INFO Loading XML bean definitions from InputStream resource [resource loaded through InputStream] (org.springframework.beans.factory.xml.XmlBeanDefinitionReader)
[2018-01-04 10:08:33,536] INFO Refreshing org.springframework.context.support.GenericApplicationContext@15de3027: startup date [Thu Jan 04 10:08:33 CST 2018]; root of context hierarchy (org.springframework.context.support.GenericApplicationContext)
[2018-01-04 18:59:54,467] INFO Loading XML bean definitions from InputStream resource [resource loaded through InputStream] (org.springframework.beans.factory.xml.XmlBeanDefinitionReader)
[2018-01-04 18:59:54,766] INFO Refreshing org.springframework.context.support.GenericApplicationContext@3e7586b2: startup date [Thu Jan 04 18:59:54 CST 2018]; root of context hierarchy (org.springframework.context.support.GenericApplicationContext)
[2018-01-04 19:01:05,765] INFO Loading XML bean definitions from InputStream resource [resource loaded through InputStream] (org.springframework.beans.factory.xml.XmlBeanDefinitionReader)
[2018-01-04 19:01:06,119] INFO Refreshing org.springframework.context.support.GenericApplicationContext@3e7586b2: startup date [Thu Jan 04 19:01:06 CST 2018]; root of context hierarchy (org.springframework.context.support.GenericApplicationContext)
[2018-01-04 19:02:52,735] INFO Loading XML bean definitions from InputStream resource [resource loaded through InputStream] (org.springframework.beans.factory.xml.XmlBeanDefinitionReader)
[2018-01-04 19:02:53,124] INFO Refreshing org.springframework.context.support.GenericApplicationContext@2789eebb: startup date [Thu Jan 04 19:02:53 CST 2018]; root of context hierarchy (org.springframework.context.support.GenericApplicationContext)
[2018-01-04 19:05:30,351] INFO Loading XML bean definitions from InputStream resource [resource loaded through InputStream] (org.springframework.beans.factory.xml.XmlBeanDefinitionReader)
[2018-01-04 19:05:30,786] INFO Refreshing org.springframework.context.support.GenericApplicationContext@208e8a46: startup date [Thu Jan 04 19:05:30 CST 2018]; root of context hierarchy (org.springframework.context.support.GenericApplicationContext)
[2018-01-04 19:10:33,828] INFO Loading XML bean definitions from InputStream resource [resource loaded through InputStream] (org.springframework.beans.factory.xml.XmlBeanDefinitionReader)
[2018-01-04 19:10:34,183] INFO Refreshing org.springframework.context.support.GenericApplicationContext@2e2b5ba8: startup date [Thu Jan 04 19:10:34 CST 2018]; root of context hierarchy (org.springframework.context.support.GenericApplicationContext)
[2018-01-04 19:20:02,455] INFO Loading XML bean definitions from InputStream resource [resource loaded through InputStream] (org.springframework.beans.factory.xml.XmlBeanDefinitionReader)
[2018-01-04 19:20:02,811] INFO Refreshing org.springframework.context.support.GenericApplicationContext@50984b44: startup date [Thu Jan 04 19:20:02 CST 2018]; root of context hierarchy (org.springframework.context.support.GenericApplicationContext)
[2018-01-05 15:27:38,996] INFO Loading XML bean definitions from InputStream resource [resource loaded through InputStream] (org.springframework.beans.factory.xml.XmlBeanDefinitionReader)
[2018-01-05 15:27:40,047] INFO Refreshing org.springframework.context.support.GenericApplicationContext@15de3027: startup date [Fri Jan 05 15:27:40 CST 2018]; root of context hierarchy (org.springframework.context.support.GenericApplicationContext)
[2018-01-05 16:31:33,228] INFO Loading XML bean definitions from InputStream resource [resource loaded through InputStream] (org.springframework.beans.factory.xml.XmlBeanDefinitionReader)
[2018-01-05 16:31:33,526] INFO Refreshing org.springframework.context.support.GenericApplicationContext@5fd91a7a: startup date [Fri Jan 05 16:31:33 CST 2018]; root of context hierarchy (org.springframework.context.support.GenericApplicationContext)
[2018-01-05 16:38:00,273] INFO Loading XML bean definitions from InputStream resource [resource loaded through InputStream] (org.springframework.beans.factory.xml.XmlBeanDefinitionReader)
[2018-01-05 16:38:00,755] INFO Refreshing org.springframework.context.support.GenericApplicationContext@6f14021e: startup date [Fri Jan 05 16:38:00 CST 2018]; root of context hierarchy (org.springframework.context.support.GenericApplicationContext)
[2018-01-05 16:41:33,588] INFO Loading XML bean definitions from InputStream resource [resource loaded through InputStream] (org.springframework.beans.factory.xml.XmlBeanDefinitionReader)
[2018-01-05 16:41:33,840] INFO Refreshing org.springframework.context.support.GenericApplicationContext@265970bf: startup date [Fri Jan 05 16:41:33 CST 2018]; root of context hierarchy (org.springframework.context.support.GenericApplicationContext)
[2018-01-05 16:47:20,229] INFO Loading XML bean definitions from InputStream resource [resource loaded through InputStream] (org.springframework.beans.factory.xml.XmlBeanDefinitionReader)
[2018-01-05 16:47:20,728] INFO Refreshing org.springframework.context.support.GenericApplicationContext@39f91f44: startup date [Fri Jan 05 16:47:20 CST 2018]; root of context hierarchy (org.springframework.context.support.GenericApplicationContext)
[2018-01-05 16:51:29,890] INFO Loading XML bean definitions from InputStream resource [resource loaded through InputStream] (org.springframework.beans.factory.xml.XmlBeanDefinitionReader)
[2018-01-05 16:51:30,202] INFO Refreshing org.springframework.context.support.GenericApplicationContext@1273c718: startup date [Fri Jan 05 16:51:30 CST 2018]; root of context hierarchy (org.springframework.context.support.GenericApplicationContext)
[2018-01-05 16:54:44,113] INFO Loading XML bean definitions from InputStream resource [resource loaded through InputStream] (org.springframework.beans.factory.xml.XmlBeanDefinitionReader)
[2018-01-05 16:54:44,775] INFO Refreshing org.springframework.context.support.GenericApplicationContext@6f14021e: startup date [Fri Jan 05 16:54:44 CST 2018]; root of context hierarchy (org.springframework.context.support.GenericApplicationContext)
[2018-01-05 16:58:25,510] INFO Loading XML bean definitions from InputStream resource [resource loaded through InputStream] (org.springframework.beans.factory.xml.XmlBeanDefinitionReader)
[2018-01-05 16:58:25,768] INFO Refreshing org.springframework.context.support.GenericApplicationContext@265970bf: startup date [Fri Jan 05 16:58:25 CST 2018]; root of context hierarchy (org.springframework.context.support.GenericApplicationContext)
[2018-01-05 17:01:59,888] INFO Loading XML bean definitions from InputStream resource [resource loaded through InputStream] (org.springframework.beans.factory.xml.XmlBeanDefinitionReader)
[2018-01-05 17:02:00,150] INFO Refreshing org.springframework.context.support.GenericApplicationContext@39f91f44: startup date [Fri Jan 05 17:02:00 CST 2018]; root of context hierarchy (org.springframework.context.support.GenericApplicationContext)
[2018-01-08 09:49:11,125] INFO Loading XML bean definitions from InputStream resource [resource loaded through InputStream] (org.springframework.beans.factory.xml.XmlBeanDefinitionReader)
[2018-01-08 09:49:12,249] INFO Refreshing org.springframework.context.support.GenericApplicationContext@4e01331b: startup date [Mon Jan 08 09:49:12 CST 2018]; root of context hierarchy (org.springframework.context.support.GenericApplicationContext)
[2018-01-08 09:58:10,641] INFO Loading XML bean definitions from InputStream resource [resource loaded through InputStream] (org.springframework.beans.factory.xml.XmlBeanDefinitionReader)
[2018-01-08 09:58:10,935] INFO Refreshing org.springframework.context.support.GenericApplicationContext@a97388b: startup date [Mon Jan 08 09:58:10 CST 2018]; root of context hierarchy (org.springframework.context.support.GenericApplicationContext)
[2018-01-08 10:08:29,440] INFO Loading XML bean definitions from InputStream resource [resource loaded through InputStream] (org.springframework.beans.factory.xml.XmlBeanDefinitionReader)
[2018-01-08 10:08:29,740] INFO Refreshing org.springframework.context.support.GenericApplicationContext@6f14021e: startup date [Mon Jan 08 10:08:29 CST 2018]; root of context hierarchy (org.springframework.context.support.GenericApplicationContext)
[2018-01-08 10:23:20,671] INFO Loading XML bean definitions from InputStream resource [resource loaded through InputStream] (org.springframework.beans.factory.xml.XmlBeanDefinitionReader)
[2018-01-08 10:23:21,074] INFO Refreshing org.springframework.context.support.GenericApplicationContext@a97388b: startup date [Mon Jan 08 10:23:21 CST 2018]; root of context hierarchy (org.springframework.context.support.GenericApplicationContext)
[2018-01-08 10:32:04,846] INFO Loading XML bean definitions from InputStream resource [resource loaded through InputStream] (org.springframework.beans.factory.xml.XmlBeanDefinitionReader)
[2018-01-08 10:32:05,179] INFO Refreshing org.springframework.context.support.GenericApplicationContext@4e01331b: startup date [Mon Jan 08 10:32:05 CST 2018]; root of context hierarchy (org.springframework.context.support.GenericApplicationContext)
[2018-01-08 11:50:38,083] INFO Loading XML bean definitions from InputStream resource [resource loaded through InputStream] (org.springframework.beans.factory.xml.XmlBeanDefinitionReader)
[2018-01-08 11:50:38,345] INFO Refreshing org.springframework.context.support.GenericApplicationContext@58d91c60: startup date [Mon Jan 08 11:50:38 CST 2018]; root of context hierarchy (org.springframework.context.support.GenericApplicationContext)
[2018-01-08 13:21:46,258] INFO Loading XML bean definitions from InputStream resource [resource loaded through InputStream] (org.springframework.beans.factory.xml.XmlBeanDefinitionReader)
[2018-01-08 13:21:46,587] INFO Refreshing org.springframework.context.support.GenericApplicationContext@3adbe109: startup date [Mon Jan 08 13:21:46 CST 2018]; root of context hierarchy (org.springframework.context.support.GenericApplicationContext)
[2018-01-08 13:22:21,719] INFO Loading XML bean definitions from InputStream resource [resource loaded through InputStream] (org.springframework.beans.factory.xml.XmlBeanDefinitionReader)
[2018-01-08 13:22:22,115] INFO Refreshing org.springframework.context.support.GenericApplicationContext@3adbe109: startup date [Mon Jan 08 13:22:22 CST 2018]; root of context hierarchy (org.springframework.context.support.GenericApplicationContext)
[2018-01-08 13:23:19,395] INFO Loading XML bean definitions from InputStream resource [resource loaded through InputStream] (org.springframework.beans.factory.xml.XmlBeanDefinitionReader)
[2018-01-08 13:23:19,680] INFO Refreshing org.springframework.context.support.GenericApplicationContext@6f3ee250: startup date [Mon Jan 08 13:23:19 CST 2018]; root of context hierarchy (org.springframework.context.support.GenericApplicationContext)
[2018-01-08 13:30:57,761] INFO Loading XML bean definitions from InputStream resource [resource loaded through InputStream] (org.springframework.beans.factory.xml.XmlBeanDefinitionReader)
[2018-01-08 13:30:58,067] INFO Refreshing org.springframework.context.support.GenericApplicationContext@18c14dd1: startup date [Mon Jan 08 13:30:58 CST 2018]; root of context hierarchy (org.springframework.context.support.GenericApplicationContext)
[2018-01-08 13:32:38,850] INFO Loading XML bean definitions from InputStream resource [resource loaded through InputStream] (org.springframework.beans.factory.xml.XmlBeanDefinitionReader)
[2018-01-08 13:32:39,375] INFO Refreshing org.springframework.context.support.GenericApplicationContext@6f3ee250: startup date [Mon Jan 08 13:32:39 CST 2018]; root of context hierarchy (org.springframework.context.support.GenericApplicationContext)
[2018-01-08 13:34:17,143] INFO Loading XML bean definitions from InputStream resource [resource loaded through InputStream] (org.springframework.beans.factory.xml.XmlBeanDefinitionReader)
[2018-01-08 13:34:17,381] INFO Refreshing org.springframework.context.support.GenericApplicationContext@3993340f: startup date [Mon Jan 08 13:34:17 CST 2018]; root of context hierarchy (org.springframework.context.support.GenericApplicationContext)
[2018-01-08 13:36:57,243] INFO Loading XML bean definitions from InputStream resource [resource loaded through InputStream] (org.springframework.beans.factory.xml.XmlBeanDefinitionReader)
[2018-01-08 13:36:57,493] INFO Refreshing org.springframework.context.support.GenericApplicationContext@1c14a519: startup date [Mon Jan 08 13:36:57 CST 2018]; root of context hierarchy (org.springframework.context.support.GenericApplicationContext)
[2018-01-08 13:41:22,018] INFO Loading XML bean definitions from InputStream resource [resource loaded through InputStream] (org.springframework.beans.factory.xml.XmlBeanDefinitionReader)
[2018-01-08 13:41:22,267] INFO Refreshing org.springframework.context.support.GenericApplicationContext@6f3ee250: startup date [Mon Jan 08 13:41:22 CST 2018]; root of context hierarchy (org.springframework.context.support.GenericApplicationContext)
[2018-01-08 13:42:48,380] INFO Loading XML bean definitions from InputStream resource [resource loaded through InputStream] (org.springframework.beans.factory.xml.XmlBeanDefinitionReader)
[2018-01-08 13:42:48,815] INFO Refreshing org.springframework.context.support.GenericApplicationContext@5c2e86f5: startup date [Mon Jan 08 13:42:48 CST 2018]; root of context hierarchy (org.springframework.context.support.GenericApplicationContext)
[2018-01-08 13:45:45,860] INFO Loading XML bean definitions from InputStream resource [resource loaded through InputStream] (org.springframework.beans.factory.xml.XmlBeanDefinitionReader)
[2018-01-08 13:45:46,196] INFO Refreshing org.springframework.context.support.GenericApplicationContext@36fb39f6: startup date [Mon Jan 08 13:45:46 CST 2018]; root of context hierarchy (org.springframework.context.support.GenericApplicationContext)
[2018-01-08 13:48:01,272] INFO Loading XML bean definitions from InputStream resource [resource loaded through InputStream] (org.springframework.beans.factory.xml.XmlBeanDefinitionReader)
[2018-01-08 13:48:01,626] INFO Refreshing org.springframework.context.support.GenericApplicationContext@36fb39f6: startup date [Mon Jan 08 13:48:01 CST 2018]; root of context hierarchy (org.springframework.context.support.GenericApplicationContext)
[2018-01-08 13:51:24,951] INFO Loading XML bean definitions from InputStream resource [resource loaded through InputStream] (org.springframework.beans.factory.xml.XmlBeanDefinitionReader)
[2018-01-08 13:51:25,313] INFO Refreshing org.springframework.context.support.GenericApplicationContext@6f3ee250: startup date [Mon Jan 08 13:51:25 CST 2018]; root of context hierarchy (org.springframework.context.support.GenericApplicationContext)
[2018-01-08 13:52:01,087] INFO Loading XML bean definitions from InputStream resource [resource loaded through InputStream] (org.springframework.beans.factory.xml.XmlBeanDefinitionReader)
[2018-01-08 13:52:01,402] INFO Refreshing org.springframework.context.support.GenericApplicationContext@97c2b3f: startup date [Mon Jan 08 13:52:01 CST 2018]; root of context hierarchy (org.springframework.context.support.GenericApplicationContext)
[2018-01-08 13:52:26,684] INFO Loading XML bean definitions from InputStream resource [resource loaded through InputStream] (org.springframework.beans.factory.xml.XmlBeanDefinitionReader)
[2018-01-08 13:52:27,027] INFO Refreshing org.springframework.context.support.GenericApplicationContext@279a61ad: startup date [Mon Jan 08 13:52:27 CST 2018]; root of context hierarchy (org.springframework.context.support.GenericApplicationContext)
[2018-01-08 13:57:42,455] INFO Loading XML bean definitions from InputStream resource [resource loaded through InputStream] (org.springframework.beans.factory.xml.XmlBeanDefinitionReader)
[2018-01-08 13:57:43,247] INFO Refreshing org.springframework.context.support.GenericApplicationContext@3e4aba6a: startup date [Mon Jan 08 13:57:43 CST 2018]; root of context hierarchy (org.springframework.context.support.GenericApplicationContext)
[2018-01-08 13:59:47,327] INFO Loading XML bean definitions from InputStream resource [resource loaded through InputStream] (org.springframework.beans.factory.xml.XmlBeanDefinitionReader)
[2018-01-08 13:59:48,113] INFO Refreshing org.springframework.context.support.GenericApplicationContext@5c2e86f5: startup date [Mon Jan 08 13:59:48 CST 2018]; root of context hierarchy (org.springframework.context.support.GenericApplicationContext)
[2018-01-08 14:03:40,693] INFO Loading XML bean definitions from InputStream resource [resource loaded through InputStream] (org.springframework.beans.factory.xml.XmlBeanDefinitionReader)
[2018-01-08 14:03:41,145] INFO Refreshing org.springframework.context.support.GenericApplicationContext@2e6c4561: startup date [Mon Jan 08 14:03:41 CST 2018]; root of context hierarchy (org.springframework.context.support.GenericApplicationContext)
[2018-01-08 14:06:20,519] INFO Loading XML bean definitions from InputStream resource [resource loaded through InputStream] (org.springframework.beans.factory.xml.XmlBeanDefinitionReader)
[2018-01-08 14:06:21,164] INFO Refreshing org.springframework.context.support.GenericApplicationContext@714ddb1c: startup date [Mon Jan 08 14:06:21 CST 2018]; root of context hierarchy (org.springframework.context.support.GenericApplicationContext)
[2018-01-08 14:08:56,249] INFO Loading XML bean definitions from InputStream resource [resource loaded through InputStream] (org.springframework.beans.factory.xml.XmlBeanDefinitionReader)
[2018-01-08 14:08:56,668] INFO Refreshing org.springframework.context.support.GenericApplicationContext@463efb16: startup date [Mon Jan 08 14:08:56 CST 2018]; root of context hierarchy (org.springframework.context.support.GenericApplicationContext)
[2018-01-08 14:11:51,101] INFO Loading XML bean definitions from InputStream resource [resource loaded through InputStream] (org.springframework.beans.factory.xml.XmlBeanDefinitionReader)
[2018-01-08 14:11:51,417] INFO Refreshing org.springframework.context.support.GenericApplicationContext@17f99aa6: startup date [Mon Jan 08 14:11:51 CST 2018]; root of context hierarchy (org.springframework.context.support.GenericApplicationContext)
[2018-01-08 14:18:11,368] INFO Loading XML bean definitions from InputStream resource [resource loaded through InputStream] (org.springframework.beans.factory.xml.XmlBeanDefinitionReader)
[2018-01-08 14:18:11,825] INFO Refreshing org.springframework.context.support.GenericApplicationContext@48ef85f3: startup date [Mon Jan 08 14:18:11 CST 2018]; root of context hierarchy (org.springframework.context.support.GenericApplicationContext)
[2018-01-08 14:28:47,116] INFO Loading XML bean definitions from InputStream resource [resource loaded through InputStream] (org.springframework.beans.factory.xml.XmlBeanDefinitionReader)
[2018-01-08 14:28:47,444] INFO Refreshing org.springframework.context.support.GenericApplicationContext@654339ed: startup date [Mon Jan 08 14:28:47 CST 2018]; root of context hierarchy (org.springframework.context.support.GenericApplicationContext)
[2018-01-08 15:20:15,673] INFO Loading XML bean definitions from InputStream resource [resource loaded through InputStream] (org.springframework.beans.factory.xml.XmlBeanDefinitionReader)
[2018-01-08 15:20:16,004] INFO Refreshing org.springframework.context.support.GenericApplicationContext@476374f1: startup date [Mon Jan 08 15:20:16 CST 2018]; root of context hierarchy (org.springframework.context.support.GenericApplicationContext)
[2018-01-08 15:51:45,428] INFO Loading XML bean definitions from InputStream resource [resource loaded through InputStream] (org.springframework.beans.factory.xml.XmlBeanDefinitionReader)
[2018-01-08 15:51:45,761] INFO Refreshing org.springframework.context.support.GenericApplicationContext@4181496: startup date [Mon Jan 08 15:51:45 CST 2018]; root of context hierarchy (org.springframework.context.support.GenericApplicationContext)
[2018-01-08 16:06:24,516] INFO Loading XML bean definitions from InputStream resource [resource loaded through InputStream] (org.springframework.beans.factory.xml.XmlBeanDefinitionReader)
[2018-01-08 16:06:24,879] INFO Refreshing org.springframework.context.support.GenericApplicationContext@58d91c60: startup date [Mon Jan 08 16:06:24 CST 2018]; root of context hierarchy (org.springframework.context.support.GenericApplicationContext)
[2018-01-08 16:21:27,908] INFO Loading XML bean definitions from InputStream resource [resource loaded through InputStream] (org.springframework.beans.factory.xml.XmlBeanDefinitionReader)
[2018-01-08 16:21:28,238] INFO Refreshing org.springframework.context.support.GenericApplicationContext@476374f1: startup date [Mon Jan 08 16:21:28 CST 2018]; root of context hierarchy (org.springframework.context.support.GenericApplicationContext)
[2018-01-08 16:23:28,823] INFO Loading XML bean definitions from InputStream resource [resource loaded through InputStream] (org.springframework.beans.factory.xml.XmlBeanDefinitionReader)
[2018-01-08 16:23:29,081] INFO Refreshing org.springframework.context.support.GenericApplicationContext@476374f1: startup date [Mon Jan 08 16:23:29 CST 2018]; root of context hierarchy (org.springframework.context.support.GenericApplicationContext)
[2018-01-08 16:44:38,511] INFO Loading XML bean definitions from InputStream resource [resource loaded through InputStream] (org.springframework.beans.factory.xml.XmlBeanDefinitionReader)
[2018-01-08 16:44:39,098] INFO Refreshing org.springframework.context.support.GenericApplicationContext@48ef85f3: startup date [Mon Jan 08 16:44:39 CST 2018]; root of context hierarchy (org.springframework.context.support.GenericApplicationContext)
[2018-01-08 16:45:17,786] INFO Loading XML bean definitions from InputStream resource [resource loaded through InputStream] (org.springframework.beans.factory.xml.XmlBeanDefinitionReader)
[2018-01-08 16:45:18,091] INFO Refreshing org.springframework.context.support.GenericApplicationContext@4181496: startup date [Mon Jan 08 16:45:18 CST 2018]; root of context hierarchy (org.springframework.context.support.GenericApplicationContext)
[2018-01-08 17:14:02,598] INFO Loading XML bean definitions from InputStream resource [resource loaded through InputStream] (org.springframework.beans.factory.xml.XmlBeanDefinitionReader)
[2018-01-08 17:14:02,853] INFO Refreshing org.springframework.context.support.GenericApplicationContext@20902a8b: startup date [Mon Jan 08 17:14:02 CST 2018]; root of context hierarchy (org.springframework.context.support.GenericApplicationContext)
[2018-01-08 17:15:24,220] INFO Loading XML bean definitions from InputStream resource [resource loaded through InputStream] (org.springframework.beans.factory.xml.XmlBeanDefinitionReader)
[2018-01-08 17:15:24,493] INFO Refreshing org.springframework.context.support.GenericApplicationContext@52929ed4: startup date [Mon Jan 08 17:15:24 CST 2018]; root of context hierarchy (org.springframework.context.support.GenericApplicationContext)
[2018-01-08 17:19:48,961] INFO Loading XML bean definitions from InputStream resource [resource loaded through InputStream] (org.springframework.beans.factory.xml.XmlBeanDefinitionReader)
[2018-01-08 17:19:49,277] INFO Refreshing org.springframework.context.support.GenericApplicationContext@476374f1: startup date [Mon Jan 08 17:19:49 CST 2018]; root of context hierarchy (org.springframework.context.support.GenericApplicationContext)
[2018-01-08 17:49:43,521] INFO Loading XML bean definitions from InputStream resource [resource loaded through InputStream] (org.springframework.beans.factory.xml.XmlBeanDefinitionReader)
[2018-01-08 17:49:43,765] INFO Refreshing org.springframework.context.support.GenericApplicationContext@7efcf7e3: startup date [Mon Jan 08 17:49:43 CST 2018]; root of context hierarchy (org.springframework.context.support.GenericApplicationContext)
[2018-01-08 17:53:57,468] INFO Loading XML bean definitions from InputStream resource [resource loaded through InputStream] (org.springframework.beans.factory.xml.XmlBeanDefinitionReader)
[2018-01-08 17:53:57,980] INFO Refreshing org.springframework.context.support.GenericApplicationContext@52929ed4: startup date [Mon Jan 08 17:53:57 CST 2018]; root of context hierarchy (org.springframework.context.support.GenericApplicationContext)
[2018-01-08 17:56:01,840] INFO Loading XML bean definitions from InputStream resource [resource loaded through InputStream] (org.springframework.beans.factory.xml.XmlBeanDefinitionReader)
[2018-01-08 17:56:02,091] INFO Refreshing org.springframework.context.support.GenericApplicationContext@476374f1: startup date [Mon Jan 08 17:56:02 CST 2018]; root of context hierarchy (org.springframework.context.support.GenericApplicationContext)
[2018-01-08 18:29:01,527] INFO Loading XML bean definitions from InputStream resource [resource loaded through InputStream] (org.springframework.beans.factory.xml.XmlBeanDefinitionReader)
[2018-01-08 18:29:01,883] INFO Refreshing org.springframework.context.support.GenericApplicationContext@779b747d: startup date [Mon Jan 08 18:29:01 CST 2018]; root of context hierarchy (org.springframework.context.support.GenericApplicationContext)
